
5월 13, 2019 09:49:18.79 NEW SESSION
5월 13, 2019 09:49:18.79 [1656:11624:0513/094918.775:ERROR:browser_process_sub_thread.cc(217)] Waited 82 ms for network service
5월 13, 2019 09:49:18.80 
5월 13, 2019 09:49:18.80 KLIB_SelfTest return : KLR_OK
5월 13, 2019 09:58:01.48 [14916:9120:0513/095801.486:ERROR:browser_process_sub_thread.cc(217)] Waited 158 ms for network service
5월 13, 2019 09:58:01.50 
5월 13, 2019 09:58:01.50 KLIB_SelfTest return : KLR_OK
5월 13, 2019 09:59:41.34 [648:13060:0513/095941.343:ERROR:browser_process_sub_thread.cc(217)] Waited 12 ms for network service
5월 13, 2019 09:59:41.40 
5월 13, 2019 09:59:41.41 KLIB_SelfTest return : KLR_OK
5월 13, 2019 10:02:07.14 [12948:12912:0513/100207.145:ERROR:browser_process_sub_thread.cc(217)] Waited 228 ms for network service
5월 13, 2019 10:02:07.16 
5월 13, 2019 10:02:07.16 KLIB_SelfTest return : KLR_OK
5월 13, 2019 10:04:47.95 [9072:14372:0513/100447.955:ERROR:browser_process_sub_thread.cc(217)] Waited 232 ms for network service
5월 13, 2019 10:04:47.97 
5월 13, 2019 10:04:47.97 KLIB_SelfTest return : KLR_OK
5월 13, 2019 10:04:56.06 [14988:15132:0513/100456.061:ERROR:browser_process_sub_thread.cc(217)] Waited 413 ms for network service
5월 13, 2019 10:04:56.07 
5월 13, 2019 10:04:56.12 KLIB_SelfTest return : KLR_OK
5월 13, 2019 10:05:23.47 [13940:12924:0513/100523.475:ERROR:browser_process_sub_thread.cc(217)] Waited 123 ms for network service
5월 13, 2019 10:05:23.50 
5월 13, 2019 10:05:23.51 KLIB_SelfTest return : KLR_OK
5월 13, 2019 10:16:54.74 [8012:14532:0513/101654.741:ERROR:browser_process_sub_thread.cc(217)] Waited 94 ms for network service
5월 13, 2019 10:16:54.76 
5월 13, 2019 10:16:54.76 KLIB_SelfTest return : KLR_OK
5월 13, 2019 11:53:30.24 [12844:15004:0513/115330.240:ERROR:browser_process_sub_thread.cc(217)] Waited 492 ms for network service
5월 13, 2019 11:53:30.26 
5월 13, 2019 11:53:30.27 KLIB_SelfTest return : KLR_OK
5월 13, 2019 13:40:53.99 [4688:8440:0513/134053.993:ERROR:platform_sensor_reader_win.cc(244)] NOT IMPLEMENTED
5월 13, 2019 13:40:54.54 [4688:8440:0513/134054.548:ERROR:platform_sensor_reader_win.cc(244)] NOT IMPLEMENTED
5월 13, 2019 13:40:55.61 [4688:8440:0513/134055.612:ERROR:platform_sensor_reader_win.cc(244)] NOT IMPLEMENTED
5월 13, 2019 13:40:56.46 [4688:8440:0513/134056.462:ERROR:platform_sensor_reader_win.cc(244)] NOT IMPLEMENTED
5월 13, 2019 13:40:56.98 [4688:8440:0513/134056.987:ERROR:platform_sensor_reader_win.cc(244)] NOT IMPLEMENTED
5월 13, 2019 13:40:57.50 [4688:8440:0513/134057.508:ERROR:platform_sensor_reader_win.cc(244)] NOT IMPLEMENTED
5월 13, 2019 13:40:58.12 [4688:8440:0513/134058.121:ERROR:platform_sensor_reader_win.cc(244)] NOT IMPLEMENTED
5월 13, 2019 13:40:58.71 [4688:8440:0513/134058.713:ERROR:platform_sensor_reader_win.cc(244)] NOT IMPLEMENTED
5월 13, 2019 13:40:59.32 [4688:8440:0513/134059.328:ERROR:platform_sensor_reader_win.cc(244)] NOT IMPLEMENTED
5월 13, 2019 13:40:59.84 [4688:8440:0513/134059.849:ERROR:platform_sensor_reader_win.cc(244)] NOT IMPLEMENTED
5월 13, 2019 13:41:00.37 [4688:8440:0513/134100.371:ERROR:platform_sensor_reader_win.cc(244)] NOT IMPLEMENTED
5월 13, 2019 13:41:00.89 [4688:8440:0513/134100.897:ERROR:platform_sensor_reader_win.cc(244)] NOT IMPLEMENTED
5월 13, 2019 13:41:01.41 [4688:8440:0513/134101.418:ERROR:platform_sensor_reader_win.cc(244)] NOT IMPLEMENTED
5월 13, 2019 13:41:01.93 [4688:8440:0513/134101.939:ERROR:platform_sensor_reader_win.cc(244)] NOT IMPLEMENTED
5월 13, 2019 13:41:02.46 [4688:8440:0513/134102.460:ERROR:platform_sensor_reader_win.cc(244)] NOT IMPLEMENTED
5월 13, 2019 13:41:02.98 [4688:8440:0513/134102.983:ERROR:platform_sensor_reader_win.cc(244)] NOT IMPLEMENTED
5월 13, 2019 13:41:03.50 [4688:8440:0513/134103.505:ERROR:platform_sensor_reader_win.cc(244)] NOT IMPLEMENTED
5월 13, 2019 13:41:04.02 [4688:8440:0513/134104.025:ERROR:platform_sensor_reader_win.cc(244)] NOT IMPLEMENTED
5월 13, 2019 13:41:04.54 [4688:8440:0513/134104.549:ERROR:platform_sensor_reader_win.cc(244)] NOT IMPLEMENTED
5월 13, 2019 13:41:05.06 [4688:8440:0513/134105.068:ERROR:platform_sensor_reader_win.cc(244)] NOT IMPLEMENTED
5월 13, 2019 13:41:05.59 [4688:8440:0513/134105.590:ERROR:platform_sensor_reader_win.cc(244)] NOT IMPLEMENTED
5월 13, 2019 13:41:06.11 [4688:8440:0513/134106.115:ERROR:platform_sensor_reader_win.cc(244)] NOT IMPLEMENTED
5월 13, 2019 13:41:06.63 [4688:8440:0513/134106.635:ERROR:platform_sensor_reader_win.cc(244)] NOT IMPLEMENTED
5월 13, 2019 13:41:07.15 [4688:8440:0513/134107.156:ERROR:platform_sensor_reader_win.cc(244)] NOT IMPLEMENTED
5월 13, 2019 13:41:07.67 [4688:8440:0513/134107.679:ERROR:platform_sensor_reader_win.cc(244)] NOT IMPLEMENTED
5월 13, 2019 13:41:08.20 [4688:8440:0513/134108.199:ERROR:platform_sensor_reader_win.cc(244)] NOT IMPLEMENTED
5월 13, 2019 13:41:08.72 [4688:8440:0513/134108.725:ERROR:platform_sensor_reader_win.cc(244)] NOT IMPLEMENTED
5월 13, 2019 13:41:09.24 [4688:8440:0513/134109.246:ERROR:platform_sensor_reader_win.cc(244)] NOT IMPLEMENTED
5월 13, 2019 13:41:09.77 [4688:8440:0513/134109.772:ERROR:platform_sensor_reader_win.cc(244)] NOT IMPLEMENTED
5월 13, 2019 13:41:10.32 [4688:8440:0513/134110.320:ERROR:platform_sensor_reader_win.cc(244)] NOT IMPLEMENTED
5월 13, 2019 13:41:10.84 [4688:8440:0513/134110.846:ERROR:platform_sensor_reader_win.cc(244)] NOT IMPLEMENTED
5월 13, 2019 13:41:11.36 [4688:8440:0513/134111.367:ERROR:platform_sensor_reader_win.cc(244)] NOT IMPLEMENTED
5월 13, 2019 13:41:11.88 [4688:8440:0513/134111.886:ERROR:platform_sensor_reader_win.cc(244)] NOT IMPLEMENTED
5월 13, 2019 13:41:12.41 [4688:8440:0513/134112.411:ERROR:platform_sensor_reader_win.cc(244)] NOT IMPLEMENTED
5월 13, 2019 13:41:12.93 [4688:8440:0513/134112.933:ERROR:platform_sensor_reader_win.cc(244)] NOT IMPLEMENTED
5월 13, 2019 13:41:13.45 [4688:8440:0513/134113.457:ERROR:platform_sensor_reader_win.cc(244)] NOT IMPLEMENTED
5월 13, 2019 13:41:13.98 [4688:8440:0513/134113.981:ERROR:platform_sensor_reader_win.cc(244)] NOT IMPLEMENTED
5월 13, 2019 13:41:14.50 [4688:8440:0513/134114.506:ERROR:platform_sensor_reader_win.cc(244)] NOT IMPLEMENTED
5월 13, 2019 13:41:14.86 [4688:8440:0513/134114.862:ERROR:platform_sensor_reader_win.cc(244)] NOT IMPLEMENTED
5월 13, 2019 13:41:15.49 [4688:8440:0513/134115.491:ERROR:platform_sensor_reader_win.cc(244)] NOT IMPLEMENTED
5월 13, 2019 13:41:16.01 [4688:8440:0513/134116.013:ERROR:platform_sensor_reader_win.cc(244)] NOT IMPLEMENTED
5월 13, 2019 13:41:16.53 [4688:8440:0513/134116.532:ERROR:platform_sensor_reader_win.cc(244)] NOT IMPLEMENTED
5월 13, 2019 13:41:17.05 [4688:8440:0513/134117.052:ERROR:platform_sensor_reader_win.cc(244)] NOT IMPLEMENTED
5월 13, 2019 13:41:17.57 [4688:8440:0513/134117.573:ERROR:platform_sensor_reader_win.cc(244)] NOT IMPLEMENTED
5월 13, 2019 13:41:18.90 [4688:8440:0513/134118.907:ERROR:platform_sensor_reader_win.cc(244)] NOT IMPLEMENTED
5월 13, 2019 13:41:19.43 [4688:8440:0513/134119.438:ERROR:platform_sensor_reader_win.cc(244)] NOT IMPLEMENTED
5월 13, 2019 13:41:19.96 [4688:8440:0513/134119.960:ERROR:platform_sensor_reader_win.cc(244)] NOT IMPLEMENTED
5월 13, 2019 13:41:20.48 [4688:8440:0513/134120.481:ERROR:platform_sensor_reader_win.cc(244)] NOT IMPLEMENTED
5월 13, 2019 13:41:21.00 [4688:8440:0513/134121.002:ERROR:platform_sensor_reader_win.cc(244)] NOT IMPLEMENTED
5월 13, 2019 13:41:21.52 [4688:8440:0513/134121.523:ERROR:platform_sensor_reader_win.cc(244)] NOT IMPLEMENTED
5월 13, 2019 13:41:22.04 [4688:8440:0513/134122.046:ERROR:platform_sensor_reader_win.cc(244)] NOT IMPLEMENTED
5월 13, 2019 13:41:22.56 [4688:8440:0513/134122.566:ERROR:platform_sensor_reader_win.cc(244)] NOT IMPLEMENTED
5월 13, 2019 13:41:23.08 [4688:8440:0513/134123.086:ERROR:platform_sensor_reader_win.cc(244)] NOT IMPLEMENTED
5월 13, 2019 13:41:23.60 [4688:8440:0513/134123.607:ERROR:platform_sensor_reader_win.cc(244)] NOT IMPLEMENTED
5월 13, 2019 13:41:24.20 [4688:8440:0513/134124.204:ERROR:platform_sensor_reader_win.cc(244)] NOT IMPLEMENTED
5월 13, 2019 13:41:24.91 [4688:8440:0513/134124.914:ERROR:platform_sensor_reader_win.cc(244)] NOT IMPLEMENTED
5월 13, 2019 13:41:25.66 [4688:8440:0513/134125.663:ERROR:platform_sensor_reader_win.cc(244)] NOT IMPLEMENTED
5월 13, 2019 13:41:26.21 [4688:8440:0513/134126.215:ERROR:platform_sensor_reader_win.cc(244)] NOT IMPLEMENTED
5월 13, 2019 13:41:26.73 [4688:8440:0513/134126.737:ERROR:platform_sensor_reader_win.cc(244)] NOT IMPLEMENTED
5월 13, 2019 13:41:27.29 [4688:8440:0513/134127.291:ERROR:platform_sensor_reader_win.cc(244)] NOT IMPLEMENTED
5월 13, 2019 13:41:27.82 [4688:8440:0513/134127.820:ERROR:platform_sensor_reader_win.cc(244)] NOT IMPLEMENTED
5월 13, 2019 13:41:28.42 [4688:8440:0513/134128.425:ERROR:platform_sensor_reader_win.cc(244)] NOT IMPLEMENTED
5월 13, 2019 13:41:28.94 [4688:8440:0513/134128.947:ERROR:platform_sensor_reader_win.cc(244)] NOT IMPLEMENTED
5월 13, 2019 13:41:29.47 [4688:8440:0513/134129.477:ERROR:platform_sensor_reader_win.cc(244)] NOT IMPLEMENTED
5월 13, 2019 13:41:30.03 [4688:8440:0513/134130.034:ERROR:platform_sensor_reader_win.cc(244)] NOT IMPLEMENTED
5월 13, 2019 13:41:30.56 [4688:8440:0513/134130.564:ERROR:platform_sensor_reader_win.cc(244)] NOT IMPLEMENTED
5월 13, 2019 13:41:31.08 [4688:8440:0513/134131.087:ERROR:platform_sensor_reader_win.cc(244)] NOT IMPLEMENTED
5월 13, 2019 13:41:31.61 [4688:8440:0513/134131.614:ERROR:platform_sensor_reader_win.cc(244)] NOT IMPLEMENTED
5월 13, 2019 13:41:32.16 [4688:8440:0513/134132.166:ERROR:platform_sensor_reader_win.cc(244)] NOT IMPLEMENTED
5월 13, 2019 13:41:32.69 [4688:8440:0513/134132.692:ERROR:platform_sensor_reader_win.cc(244)] NOT IMPLEMENTED
5월 13, 2019 13:41:33.21 [4688:8440:0513/134133.212:ERROR:platform_sensor_reader_win.cc(244)] NOT IMPLEMENTED
5월 13, 2019 13:41:33.73 [4688:8440:0513/134133.736:ERROR:platform_sensor_reader_win.cc(244)] NOT IMPLEMENTED
5월 13, 2019 13:41:34.25 [4688:8440:0513/134134.256:ERROR:platform_sensor_reader_win.cc(244)] NOT IMPLEMENTED
5월 13, 2019 13:41:36.83 [4688:8440:0513/134136.839:ERROR:platform_sensor_reader_win.cc(244)] NOT IMPLEMENTED
5월 13, 2019 13:41:37.61 [4688:8440:0513/134137.616:ERROR:platform_sensor_reader_win.cc(244)] NOT IMPLEMENTED
5월 13, 2019 13:41:38.39 [4688:8440:0513/134138.398:ERROR:platform_sensor_reader_win.cc(244)] NOT IMPLEMENTED
5월 13, 2019 13:41:38.93 [4688:8440:0513/134138.932:ERROR:platform_sensor_reader_win.cc(244)] NOT IMPLEMENTED
5월 13, 2019 13:41:39.45 [4688:8440:0513/134139.453:ERROR:platform_sensor_reader_win.cc(244)] NOT IMPLEMENTED
5월 13, 2019 13:41:39.97 [4688:8440:0513/134139.973:ERROR:platform_sensor_reader_win.cc(244)] NOT IMPLEMENTED
5월 13, 2019 13:41:40.49 [4688:8440:0513/134140.493:ERROR:platform_sensor_reader_win.cc(244)] NOT IMPLEMENTED
5월 13, 2019 13:41:41.01 [4688:8440:0513/134141.015:ERROR:platform_sensor_reader_win.cc(244)] NOT IMPLEMENTED
5월 13, 2019 13:41:41.53 [4688:8440:0513/134141.537:ERROR:platform_sensor_reader_win.cc(244)] NOT IMPLEMENTED
5월 13, 2019 13:41:42.05 [4688:8440:0513/134142.058:ERROR:platform_sensor_reader_win.cc(244)] NOT IMPLEMENTED
5월 13, 2019 13:41:42.57 [4688:8440:0513/134142.578:ERROR:platform_sensor_reader_win.cc(244)] NOT IMPLEMENTED
5월 13, 2019 13:41:43.09 [4688:8440:0513/134143.098:ERROR:platform_sensor_reader_win.cc(244)] NOT IMPLEMENTED
5월 13, 2019 13:41:43.62 [4688:8440:0513/134143.620:ERROR:platform_sensor_reader_win.cc(244)] NOT IMPLEMENTED
5월 13, 2019 13:41:44.14 [4688:8440:0513/134144.140:ERROR:platform_sensor_reader_win.cc(244)] NOT IMPLEMENTED
5월 13, 2019 13:41:44.66 [4688:8440:0513/134144.662:ERROR:platform_sensor_reader_win.cc(244)] NOT IMPLEMENTED
5월 13, 2019 13:41:45.18 [4688:8440:0513/134145.184:ERROR:platform_sensor_reader_win.cc(244)] NOT IMPLEMENTED
5월 13, 2019 13:41:45.70 [4688:8440:0513/134145.707:ERROR:platform_sensor_reader_win.cc(244)] NOT IMPLEMENTED
5월 13, 2019 13:41:46.22 [4688:8440:0513/134146.226:ERROR:platform_sensor_reader_win.cc(244)] NOT IMPLEMENTED
5월 13, 2019 13:41:46.74 [4688:8440:0513/134146.748:ERROR:platform_sensor_reader_win.cc(244)] NOT IMPLEMENTED
5월 13, 2019 13:41:47.26 [4688:8440:0513/134147.267:ERROR:platform_sensor_reader_win.cc(244)] NOT IMPLEMENTED
5월 13, 2019 13:41:47.79 [4688:8440:0513/134147.790:ERROR:platform_sensor_reader_win.cc(244)] NOT IMPLEMENTED
5월 13, 2019 13:41:48.31 [4688:8440:0513/134148.311:ERROR:platform_sensor_reader_win.cc(244)] NOT IMPLEMENTED
5월 13, 2019 13:41:48.83 [4688:8440:0513/134148.831:ERROR:platform_sensor_reader_win.cc(244)] NOT IMPLEMENTED
5월 13, 2019 13:41:49.35 [4688:8440:0513/134149.352:ERROR:platform_sensor_reader_win.cc(244)] NOT IMPLEMENTED
5월 13, 2019 13:41:49.87 [4688:8440:0513/134149.872:ERROR:platform_sensor_reader_win.cc(244)] NOT IMPLEMENTED
5월 13, 2019 13:41:50.39 [4688:8440:0513/134150.394:ERROR:platform_sensor_reader_win.cc(244)] NOT IMPLEMENTED
5월 13, 2019 13:41:50.91 [4688:8440:0513/134150.914:ERROR:platform_sensor_reader_win.cc(244)] NOT IMPLEMENTED
5월 13, 2019 13:41:51.43 [4688:8440:0513/134151.436:ERROR:platform_sensor_reader_win.cc(244)] NOT IMPLEMENTED
5월 13, 2019 13:41:51.95 [4688:8440:0513/134151.955:ERROR:platform_sensor_reader_win.cc(244)] NOT IMPLEMENTED
5월 13, 2019 13:41:52.47 [4688:8440:0513/134152.477:ERROR:platform_sensor_reader_win.cc(244)] NOT IMPLEMENTED
5월 13, 2019 13:41:52.99 [4688:8440:0513/134152.996:ERROR:platform_sensor_reader_win.cc(244)] NOT IMPLEMENTED
5월 13, 2019 13:41:53.51 [4688:8440:0513/134153.517:ERROR:platform_sensor_reader_win.cc(244)] NOT IMPLEMENTED
5월 13, 2019 13:41:54.04 [4688:8440:0513/134154.041:ERROR:platform_sensor_reader_win.cc(244)] NOT IMPLEMENTED
5월 13, 2019 13:41:54.56 [4688:8440:0513/134154.561:ERROR:platform_sensor_reader_win.cc(244)] NOT IMPLEMENTED
5월 13, 2019 13:41:55.08 [4688:8440:0513/134155.083:ERROR:platform_sensor_reader_win.cc(244)] NOT IMPLEMENTED
5월 13, 2019 13:41:55.64 [4688:8440:0513/134155.645:ERROR:platform_sensor_reader_win.cc(244)] NOT IMPLEMENTED
5월 13, 2019 13:41:56.16 [4688:8440:0513/134156.167:ERROR:platform_sensor_reader_win.cc(244)] NOT IMPLEMENTED
5월 13, 2019 13:41:56.68 [4688:8440:0513/134156.688:ERROR:platform_sensor_reader_win.cc(244)] NOT IMPLEMENTED
5월 13, 2019 13:41:57.21 [4688:8440:0513/134157.212:ERROR:platform_sensor_reader_win.cc(244)] NOT IMPLEMENTED
5월 13, 2019 13:41:57.73 [4688:8440:0513/134157.731:ERROR:platform_sensor_reader_win.cc(244)] NOT IMPLEMENTED
5월 13, 2019 13:41:58.25 [4688:8440:0513/134158.254:ERROR:platform_sensor_reader_win.cc(244)] NOT IMPLEMENTED
5월 13, 2019 13:41:58.77 [4688:8440:0513/134158.775:ERROR:platform_sensor_reader_win.cc(244)] NOT IMPLEMENTED
5월 13, 2019 13:41:59.29 [4688:8440:0513/134159.296:ERROR:platform_sensor_reader_win.cc(244)] NOT IMPLEMENTED
5월 13, 2019 13:41:59.81 [4688:8440:0513/134159.817:ERROR:platform_sensor_reader_win.cc(244)] NOT IMPLEMENTED
5월 13, 2019 13:42:00.33 [4688:8440:0513/134200.338:ERROR:platform_sensor_reader_win.cc(244)] NOT IMPLEMENTED
5월 13, 2019 13:42:00.85 [4688:8440:0513/134200.859:ERROR:platform_sensor_reader_win.cc(244)] NOT IMPLEMENTED
5월 13, 2019 13:42:01.38 [4688:8440:0513/134201.381:ERROR:platform_sensor_reader_win.cc(244)] NOT IMPLEMENTED
5월 13, 2019 13:42:01.90 [4688:8440:0513/134201.901:ERROR:platform_sensor_reader_win.cc(244)] NOT IMPLEMENTED
5월 13, 2019 13:42:02.42 [4688:8440:0513/134202.425:ERROR:platform_sensor_reader_win.cc(244)] NOT IMPLEMENTED
5월 13, 2019 13:42:02.94 [4688:8440:0513/134202.945:ERROR:platform_sensor_reader_win.cc(244)] NOT IMPLEMENTED
5월 13, 2019 13:42:03.47 [4688:8440:0513/134203.472:ERROR:platform_sensor_reader_win.cc(244)] NOT IMPLEMENTED
5월 13, 2019 13:42:03.99 [4688:8440:0513/134203.998:ERROR:platform_sensor_reader_win.cc(244)] NOT IMPLEMENTED
5월 13, 2019 13:42:04.52 [4688:8440:0513/134204.524:ERROR:platform_sensor_reader_win.cc(244)] NOT IMPLEMENTED
5월 13, 2019 13:42:05.04 [4688:8440:0513/134205.045:ERROR:platform_sensor_reader_win.cc(244)] NOT IMPLEMENTED
5월 13, 2019 13:42:05.57 [4688:8440:0513/134205.571:ERROR:platform_sensor_reader_win.cc(244)] NOT IMPLEMENTED
5월 13, 2019 13:42:06.09 [4688:8440:0513/134206.094:ERROR:platform_sensor_reader_win.cc(244)] NOT IMPLEMENTED
5월 13, 2019 13:42:06.61 [4688:8440:0513/134206.617:ERROR:platform_sensor_reader_win.cc(244)] NOT IMPLEMENTED
5월 13, 2019 13:42:07.13 [4688:8440:0513/134207.139:ERROR:platform_sensor_reader_win.cc(244)] NOT IMPLEMENTED
5월 13, 2019 13:42:07.65 [4688:8440:0513/134207.658:ERROR:platform_sensor_reader_win.cc(244)] NOT IMPLEMENTED
5월 13, 2019 13:42:08.19 [4688:8440:0513/134208.192:ERROR:platform_sensor_reader_win.cc(244)] NOT IMPLEMENTED
5월 13, 2019 13:42:08.74 [4688:8440:0513/134208.740:ERROR:platform_sensor_reader_win.cc(244)] NOT IMPLEMENTED
5월 13, 2019 13:42:09.25 [4688:8440:0513/134209.259:ERROR:platform_sensor_reader_win.cc(244)] NOT IMPLEMENTED
5월 13, 2019 13:42:09.78 [4688:8440:0513/134209.780:ERROR:platform_sensor_reader_win.cc(244)] NOT IMPLEMENTED
5월 13, 2019 13:42:10.30 [4688:8440:0513/134210.302:ERROR:platform_sensor_reader_win.cc(244)] NOT IMPLEMENTED
5월 13, 2019 13:42:10.83 [4688:8440:0513/134210.833:ERROR:platform_sensor_reader_win.cc(244)] NOT IMPLEMENTED
5월 13, 2019 13:42:11.36 [4688:8440:0513/134211.362:ERROR:platform_sensor_reader_win.cc(244)] NOT IMPLEMENTED
5월 13, 2019 13:42:11.88 [4688:8440:0513/134211.886:ERROR:platform_sensor_reader_win.cc(244)] NOT IMPLEMENTED
5월 13, 2019 13:42:12.41 [4688:8440:0513/134212.413:ERROR:platform_sensor_reader_win.cc(244)] NOT IMPLEMENTED
5월 13, 2019 13:42:12.93 [4688:8440:0513/134212.932:ERROR:platform_sensor_reader_win.cc(244)] NOT IMPLEMENTED
5월 13, 2019 13:42:13.45 [4688:8440:0513/134213.454:ERROR:platform_sensor_reader_win.cc(244)] NOT IMPLEMENTED
5월 13, 2019 13:42:13.97 [4688:8440:0513/134213.978:ERROR:platform_sensor_reader_win.cc(244)] NOT IMPLEMENTED
5월 13, 2019 13:42:14.49 [4688:8440:0513/134214.497:ERROR:platform_sensor_reader_win.cc(244)] NOT IMPLEMENTED
5월 13, 2019 13:42:15.01 [4688:8440:0513/134215.017:ERROR:platform_sensor_reader_win.cc(244)] NOT IMPLEMENTED
5월 13, 2019 13:42:15.53 [4688:8440:0513/134215.539:ERROR:platform_sensor_reader_win.cc(244)] NOT IMPLEMENTED
5월 13, 2019 13:42:16.06 [4688:8440:0513/134216.063:ERROR:platform_sensor_reader_win.cc(244)] NOT IMPLEMENTED
5월 13, 2019 13:42:16.58 [4688:8440:0513/134216.587:ERROR:platform_sensor_reader_win.cc(244)] NOT IMPLEMENTED
5월 13, 2019 13:42:17.10 [4688:8440:0513/134217.108:ERROR:platform_sensor_reader_win.cc(244)] NOT IMPLEMENTED
5월 13, 2019 13:42:17.62 [4688:8440:0513/134217.629:ERROR:platform_sensor_reader_win.cc(244)] NOT IMPLEMENTED
5월 13, 2019 13:42:18.14 [4688:8440:0513/134218.149:ERROR:platform_sensor_reader_win.cc(244)] NOT IMPLEMENTED
5월 13, 2019 13:42:18.66 [4688:8440:0513/134218.669:ERROR:platform_sensor_reader_win.cc(244)] NOT IMPLEMENTED
5월 13, 2019 13:42:19.19 [4688:8440:0513/134219.193:ERROR:platform_sensor_reader_win.cc(244)] NOT IMPLEMENTED
5월 13, 2019 13:42:19.71 [4688:8440:0513/134219.715:ERROR:platform_sensor_reader_win.cc(244)] NOT IMPLEMENTED
5월 13, 2019 13:42:20.23 [4688:8440:0513/134220.239:ERROR:platform_sensor_reader_win.cc(244)] NOT IMPLEMENTED
5월 13, 2019 13:42:20.76 [4688:8440:0513/134220.767:ERROR:platform_sensor_reader_win.cc(244)] NOT IMPLEMENTED
5월 13, 2019 13:42:21.28 [4688:8440:0513/134221.288:ERROR:platform_sensor_reader_win.cc(244)] NOT IMPLEMENTED
5월 13, 2019 13:42:21.81 [4688:8440:0513/134221.810:ERROR:platform_sensor_reader_win.cc(244)] NOT IMPLEMENTED
5월 13, 2019 13:42:22.33 [4688:8440:0513/134222.330:ERROR:platform_sensor_reader_win.cc(244)] NOT IMPLEMENTED
5월 13, 2019 13:42:22.85 [4688:8440:0513/134222.854:ERROR:platform_sensor_reader_win.cc(244)] NOT IMPLEMENTED
5월 13, 2019 13:42:23.39 [4688:8440:0513/134223.397:ERROR:platform_sensor_reader_win.cc(244)] NOT IMPLEMENTED
5월 13, 2019 13:42:23.91 [4688:8440:0513/134223.918:ERROR:platform_sensor_reader_win.cc(244)] NOT IMPLEMENTED
5월 13, 2019 13:42:24.44 [4688:8440:0513/134224.449:ERROR:platform_sensor_reader_win.cc(244)] NOT IMPLEMENTED
5월 13, 2019 13:42:24.97 [4688:8440:0513/134224.972:ERROR:platform_sensor_reader_win.cc(244)] NOT IMPLEMENTED
5월 13, 2019 13:42:25.49 [4688:8440:0513/134225.496:ERROR:platform_sensor_reader_win.cc(244)] NOT IMPLEMENTED
5월 13, 2019 13:42:26.02 [4688:8440:0513/134226.021:ERROR:platform_sensor_reader_win.cc(244)] NOT IMPLEMENTED
5월 13, 2019 13:42:26.54 [4688:8440:0513/134226.542:ERROR:platform_sensor_reader_win.cc(244)] NOT IMPLEMENTED
5월 13, 2019 13:42:27.06 [4688:8440:0513/134227.067:ERROR:platform_sensor_reader_win.cc(244)] NOT IMPLEMENTED
5월 13, 2019 13:42:27.58 [4688:8440:0513/134227.586:ERROR:platform_sensor_reader_win.cc(244)] NOT IMPLEMENTED
5월 13, 2019 13:42:28.11 [4688:8440:0513/134228.110:ERROR:platform_sensor_reader_win.cc(244)] NOT IMPLEMENTED
5월 13, 2019 13:42:28.86 [4688:8440:0513/134228.861:ERROR:platform_sensor_reader_win.cc(244)] NOT IMPLEMENTED
5월 13, 2019 13:42:29.38 [4688:8440:0513/134229.385:ERROR:platform_sensor_reader_win.cc(244)] NOT IMPLEMENTED
5월 13, 2019 13:42:29.90 [4688:8440:0513/134229.907:ERROR:platform_sensor_reader_win.cc(244)] NOT IMPLEMENTED
5월 13, 2019 13:42:30.42 [4688:8440:0513/134230.429:ERROR:platform_sensor_reader_win.cc(244)] NOT IMPLEMENTED
5월 13, 2019 13:42:30.95 [4688:8440:0513/134230.951:ERROR:platform_sensor_reader_win.cc(244)] NOT IMPLEMENTED
5월 13, 2019 13:42:31.47 [4688:8440:0513/134231.474:ERROR:platform_sensor_reader_win.cc(244)] NOT IMPLEMENTED
5월 13, 2019 13:42:31.99 [4688:8440:0513/134231.995:ERROR:platform_sensor_reader_win.cc(244)] NOT IMPLEMENTED
5월 13, 2019 13:42:32.51 [4688:8440:0513/134232.516:ERROR:platform_sensor_reader_win.cc(244)] NOT IMPLEMENTED
5월 13, 2019 13:42:33.03 [4688:8440:0513/134233.039:ERROR:platform_sensor_reader_win.cc(244)] NOT IMPLEMENTED
5월 13, 2019 13:42:33.56 [4688:8440:0513/134233.560:ERROR:platform_sensor_reader_win.cc(244)] NOT IMPLEMENTED
5월 13, 2019 13:42:34.08 [4688:8440:0513/134234.083:ERROR:platform_sensor_reader_win.cc(244)] NOT IMPLEMENTED
5월 13, 2019 13:42:34.60 [4688:8440:0513/134234.603:ERROR:platform_sensor_reader_win.cc(244)] NOT IMPLEMENTED
5월 13, 2019 13:42:35.12 [4688:8440:0513/134235.125:ERROR:platform_sensor_reader_win.cc(244)] NOT IMPLEMENTED
5월 13, 2019 13:42:35.64 [4688:8440:0513/134235.646:ERROR:platform_sensor_reader_win.cc(244)] NOT IMPLEMENTED
5월 13, 2019 13:42:36.16 [4688:8440:0513/134236.166:ERROR:platform_sensor_reader_win.cc(244)] NOT IMPLEMENTED
5월 13, 2019 13:42:36.68 [4688:8440:0513/134236.687:ERROR:platform_sensor_reader_win.cc(244)] NOT IMPLEMENTED
5월 13, 2019 13:42:37.20 [4688:8440:0513/134237.207:ERROR:platform_sensor_reader_win.cc(244)] NOT IMPLEMENTED
5월 13, 2019 13:42:37.73 [4688:8440:0513/134237.731:ERROR:platform_sensor_reader_win.cc(244)] NOT IMPLEMENTED
5월 13, 2019 13:42:38.25 [4688:8440:0513/134238.252:ERROR:platform_sensor_reader_win.cc(244)] NOT IMPLEMENTED
5월 13, 2019 13:42:38.77 [4688:8440:0513/134238.772:ERROR:platform_sensor_reader_win.cc(244)] NOT IMPLEMENTED
5월 13, 2019 13:42:39.29 [4688:8440:0513/134239.294:ERROR:platform_sensor_reader_win.cc(244)] NOT IMPLEMENTED
5월 13, 2019 13:42:39.81 [4688:8440:0513/134239.815:ERROR:platform_sensor_reader_win.cc(244)] NOT IMPLEMENTED
5월 13, 2019 13:42:40.33 [4688:8440:0513/134240.336:ERROR:platform_sensor_reader_win.cc(244)] NOT IMPLEMENTED
5월 13, 2019 13:42:40.85 [4688:8440:0513/134240.856:ERROR:platform_sensor_reader_win.cc(244)] NOT IMPLEMENTED
5월 13, 2019 13:42:41.37 [4688:8440:0513/134241.378:ERROR:platform_sensor_reader_win.cc(244)] NOT IMPLEMENTED
5월 13, 2019 13:42:41.89 [4688:8440:0513/134241.899:ERROR:platform_sensor_reader_win.cc(244)] NOT IMPLEMENTED
5월 13, 2019 13:42:42.42 [4688:8440:0513/134242.422:ERROR:platform_sensor_reader_win.cc(244)] NOT IMPLEMENTED
5월 13, 2019 13:42:42.94 [4688:8440:0513/134242.943:ERROR:platform_sensor_reader_win.cc(244)] NOT IMPLEMENTED
5월 13, 2019 13:42:43.46 [4688:8440:0513/134243.463:ERROR:platform_sensor_reader_win.cc(244)] NOT IMPLEMENTED
5월 13, 2019 13:42:43.98 [4688:8440:0513/134243.983:ERROR:platform_sensor_reader_win.cc(244)] NOT IMPLEMENTED
5월 13, 2019 13:42:44.50 [4688:8440:0513/134244.505:ERROR:platform_sensor_reader_win.cc(244)] NOT IMPLEMENTED
5월 13, 2019 13:42:45.02 [4688:8440:0513/134245.026:ERROR:platform_sensor_reader_win.cc(244)] NOT IMPLEMENTED
5월 13, 2019 13:42:45.54 [4688:8440:0513/134245.548:ERROR:platform_sensor_reader_win.cc(244)] NOT IMPLEMENTED
5월 13, 2019 13:42:46.07 [4688:8440:0513/134246.071:ERROR:platform_sensor_reader_win.cc(244)] NOT IMPLEMENTED
5월 13, 2019 13:42:46.59 [4688:8440:0513/134246.593:ERROR:platform_sensor_reader_win.cc(244)] NOT IMPLEMENTED
5월 13, 2019 13:42:47.11 [4688:8440:0513/134247.115:ERROR:platform_sensor_reader_win.cc(244)] NOT IMPLEMENTED
5월 13, 2019 13:42:47.63 [4688:8440:0513/134247.636:ERROR:platform_sensor_reader_win.cc(244)] NOT IMPLEMENTED
5월 13, 2019 13:42:48.16 [4688:8440:0513/134248.160:ERROR:platform_sensor_reader_win.cc(244)] NOT IMPLEMENTED
5월 13, 2019 13:42:48.68 [4688:8440:0513/134248.680:ERROR:platform_sensor_reader_win.cc(244)] NOT IMPLEMENTED
5월 13, 2019 13:42:49.20 [4688:8440:0513/134249.201:ERROR:platform_sensor_reader_win.cc(244)] NOT IMPLEMENTED
5월 13, 2019 13:42:49.72 [4688:8440:0513/134249.725:ERROR:platform_sensor_reader_win.cc(244)] NOT IMPLEMENTED
5월 13, 2019 13:42:50.24 [4688:8440:0513/134250.247:ERROR:platform_sensor_reader_win.cc(244)] NOT IMPLEMENTED
5월 13, 2019 13:42:50.77 [4688:8440:0513/134250.770:ERROR:platform_sensor_reader_win.cc(244)] NOT IMPLEMENTED
5월 13, 2019 13:42:51.29 [4688:8440:0513/134251.290:ERROR:platform_sensor_reader_win.cc(244)] NOT IMPLEMENTED
5월 13, 2019 13:42:51.81 [4688:8440:0513/134251.811:ERROR:platform_sensor_reader_win.cc(244)] NOT IMPLEMENTED
5월 13, 2019 13:42:52.33 [4688:8440:0513/134252.334:ERROR:platform_sensor_reader_win.cc(244)] NOT IMPLEMENTED
5월 13, 2019 13:42:52.85 [4688:8440:0513/134252.855:ERROR:platform_sensor_reader_win.cc(244)] NOT IMPLEMENTED
5월 13, 2019 13:42:53.37 [4688:8440:0513/134253.376:ERROR:platform_sensor_reader_win.cc(244)] NOT IMPLEMENTED
5월 13, 2019 13:42:53.89 [4688:8440:0513/134253.898:ERROR:platform_sensor_reader_win.cc(244)] NOT IMPLEMENTED
5월 13, 2019 13:42:54.41 [4688:8440:0513/134254.418:ERROR:platform_sensor_reader_win.cc(244)] NOT IMPLEMENTED
5월 13, 2019 13:42:54.93 [4688:8440:0513/134254.938:ERROR:platform_sensor_reader_win.cc(244)] NOT IMPLEMENTED
5월 13, 2019 13:42:55.45 [4688:8440:0513/134255.459:ERROR:platform_sensor_reader_win.cc(244)] NOT IMPLEMENTED
5월 13, 2019 13:42:55.98 [4688:8440:0513/134255.980:ERROR:platform_sensor_reader_win.cc(244)] NOT IMPLEMENTED
5월 13, 2019 13:42:56.50 [4688:8440:0513/134256.499:ERROR:platform_sensor_reader_win.cc(244)] NOT IMPLEMENTED
5월 13, 2019 13:42:57.02 [4688:8440:0513/134257.021:ERROR:platform_sensor_reader_win.cc(244)] NOT IMPLEMENTED
5월 13, 2019 13:42:57.54 [4688:8440:0513/134257.541:ERROR:platform_sensor_reader_win.cc(244)] NOT IMPLEMENTED
5월 13, 2019 13:42:58.06 [4688:8440:0513/134258.060:ERROR:platform_sensor_reader_win.cc(244)] NOT IMPLEMENTED
5월 13, 2019 13:42:58.58 [4688:8440:0513/134258.582:ERROR:platform_sensor_reader_win.cc(244)] NOT IMPLEMENTED
5월 13, 2019 13:42:59.10 [4688:8440:0513/134259.105:ERROR:platform_sensor_reader_win.cc(244)] NOT IMPLEMENTED
5월 13, 2019 13:42:59.62 [4688:8440:0513/134259.626:ERROR:platform_sensor_reader_win.cc(244)] NOT IMPLEMENTED
5월 13, 2019 13:43:00.14 [4688:8440:0513/134300.147:ERROR:platform_sensor_reader_win.cc(244)] NOT IMPLEMENTED
5월 13, 2019 13:43:00.66 [4688:8440:0513/134300.669:ERROR:platform_sensor_reader_win.cc(244)] NOT IMPLEMENTED
5월 13, 2019 13:43:01.19 [4688:8440:0513/134301.191:ERROR:platform_sensor_reader_win.cc(244)] NOT IMPLEMENTED
5월 13, 2019 13:43:01.71 [4688:8440:0513/134301.711:ERROR:platform_sensor_reader_win.cc(244)] NOT IMPLEMENTED
5월 13, 2019 13:43:02.23 [4688:8440:0513/134302.231:ERROR:platform_sensor_reader_win.cc(244)] NOT IMPLEMENTED
5월 13, 2019 13:43:02.75 [4688:8440:0513/134302.751:ERROR:platform_sensor_reader_win.cc(244)] NOT IMPLEMENTED
5월 13, 2019 13:43:03.27 [4688:8440:0513/134303.272:ERROR:platform_sensor_reader_win.cc(244)] NOT IMPLEMENTED
5월 13, 2019 13:43:03.79 [4688:8440:0513/134303.794:ERROR:platform_sensor_reader_win.cc(244)] NOT IMPLEMENTED
5월 13, 2019 13:43:04.31 [4688:8440:0513/134304.315:ERROR:platform_sensor_reader_win.cc(244)] NOT IMPLEMENTED
5월 13, 2019 13:43:04.83 [4688:8440:0513/134304.838:ERROR:platform_sensor_reader_win.cc(244)] NOT IMPLEMENTED
5월 13, 2019 13:43:05.35 [4688:8440:0513/134305.358:ERROR:platform_sensor_reader_win.cc(244)] NOT IMPLEMENTED
5월 13, 2019 13:43:05.87 [4688:8440:0513/134305.877:ERROR:platform_sensor_reader_win.cc(244)] NOT IMPLEMENTED
5월 13, 2019 13:43:06.39 [4688:8440:0513/134306.398:ERROR:platform_sensor_reader_win.cc(244)] NOT IMPLEMENTED
5월 13, 2019 13:43:06.91 [4688:8440:0513/134306.918:ERROR:platform_sensor_reader_win.cc(244)] NOT IMPLEMENTED
5월 13, 2019 13:43:07.43 [4688:8440:0513/134307.439:ERROR:platform_sensor_reader_win.cc(244)] NOT IMPLEMENTED
5월 13, 2019 13:43:07.96 [4688:8440:0513/134307.962:ERROR:platform_sensor_reader_win.cc(244)] NOT IMPLEMENTED
5월 13, 2019 13:43:08.48 [4688:8440:0513/134308.481:ERROR:platform_sensor_reader_win.cc(244)] NOT IMPLEMENTED
5월 13, 2019 13:43:09.00 [4688:8440:0513/134309.004:ERROR:platform_sensor_reader_win.cc(244)] NOT IMPLEMENTED
5월 13, 2019 13:43:09.52 [4688:8440:0513/134309.525:ERROR:platform_sensor_reader_win.cc(244)] NOT IMPLEMENTED
5월 13, 2019 13:43:10.04 [4688:8440:0513/134310.045:ERROR:platform_sensor_reader_win.cc(244)] NOT IMPLEMENTED
5월 13, 2019 13:43:10.56 [4688:8440:0513/134310.565:ERROR:platform_sensor_reader_win.cc(244)] NOT IMPLEMENTED
5월 13, 2019 13:43:11.08 [4688:8440:0513/134311.085:ERROR:platform_sensor_reader_win.cc(244)] NOT IMPLEMENTED
5월 13, 2019 13:43:11.61 [4688:8440:0513/134311.609:ERROR:platform_sensor_reader_win.cc(244)] NOT IMPLEMENTED
5월 13, 2019 13:43:12.13 [4688:8440:0513/134312.131:ERROR:platform_sensor_reader_win.cc(244)] NOT IMPLEMENTED
5월 13, 2019 13:43:12.65 [4688:8440:0513/134312.653:ERROR:platform_sensor_reader_win.cc(244)] NOT IMPLEMENTED
5월 13, 2019 13:43:13.17 [4688:8440:0513/134313.174:ERROR:platform_sensor_reader_win.cc(244)] NOT IMPLEMENTED
5월 13, 2019 13:43:13.69 [4688:8440:0513/134313.695:ERROR:platform_sensor_reader_win.cc(244)] NOT IMPLEMENTED
5월 13, 2019 13:43:14.21 [4688:8440:0513/134314.216:ERROR:platform_sensor_reader_win.cc(244)] NOT IMPLEMENTED
5월 13, 2019 13:43:14.73 [4688:8440:0513/134314.737:ERROR:platform_sensor_reader_win.cc(244)] NOT IMPLEMENTED
5월 13, 2019 13:43:15.25 [4688:8440:0513/134315.259:ERROR:platform_sensor_reader_win.cc(244)] NOT IMPLEMENTED
5월 13, 2019 13:43:15.78 [4688:8440:0513/134315.781:ERROR:platform_sensor_reader_win.cc(244)] NOT IMPLEMENTED
5월 13, 2019 13:43:16.30 [4688:8440:0513/134316.302:ERROR:platform_sensor_reader_win.cc(244)] NOT IMPLEMENTED
5월 13, 2019 13:43:16.82 [4688:8440:0513/134316.825:ERROR:platform_sensor_reader_win.cc(244)] NOT IMPLEMENTED
5월 13, 2019 13:43:17.34 [4688:8440:0513/134317.347:ERROR:platform_sensor_reader_win.cc(244)] NOT IMPLEMENTED
5월 13, 2019 13:43:17.86 [4688:8440:0513/134317.869:ERROR:platform_sensor_reader_win.cc(244)] NOT IMPLEMENTED
5월 13, 2019 13:43:18.39 [4688:8440:0513/134318.392:ERROR:platform_sensor_reader_win.cc(244)] NOT IMPLEMENTED
5월 13, 2019 13:43:18.91 [4688:8440:0513/134318.914:ERROR:platform_sensor_reader_win.cc(244)] NOT IMPLEMENTED
5월 13, 2019 13:43:19.43 [4688:8440:0513/134319.435:ERROR:platform_sensor_reader_win.cc(244)] NOT IMPLEMENTED
5월 13, 2019 13:43:19.95 [4688:8440:0513/134319.957:ERROR:platform_sensor_reader_win.cc(244)] NOT IMPLEMENTED
5월 13, 2019 13:43:20.47 [4688:8440:0513/134320.476:ERROR:platform_sensor_reader_win.cc(244)] NOT IMPLEMENTED
5월 13, 2019 13:43:20.99 [4688:8440:0513/134320.995:ERROR:platform_sensor_reader_win.cc(244)] NOT IMPLEMENTED
5월 13, 2019 13:43:21.51 [4688:8440:0513/134321.519:ERROR:platform_sensor_reader_win.cc(244)] NOT IMPLEMENTED
5월 13, 2019 13:43:22.03 [4688:8440:0513/134322.039:ERROR:platform_sensor_reader_win.cc(244)] NOT IMPLEMENTED
5월 13, 2019 13:43:22.55 [4688:8440:0513/134322.558:ERROR:platform_sensor_reader_win.cc(244)] NOT IMPLEMENTED
5월 13, 2019 13:43:23.07 [4688:8440:0513/134323.079:ERROR:platform_sensor_reader_win.cc(244)] NOT IMPLEMENTED
5월 13, 2019 13:43:23.60 [4688:8440:0513/134323.601:ERROR:platform_sensor_reader_win.cc(244)] NOT IMPLEMENTED
5월 13, 2019 13:43:24.12 [4688:8440:0513/134324.123:ERROR:platform_sensor_reader_win.cc(244)] NOT IMPLEMENTED
5월 13, 2019 13:43:24.64 [4688:8440:0513/134324.644:ERROR:platform_sensor_reader_win.cc(244)] NOT IMPLEMENTED
5월 13, 2019 13:43:25.16 [4688:8440:0513/134325.165:ERROR:platform_sensor_reader_win.cc(244)] NOT IMPLEMENTED
5월 13, 2019 13:43:25.68 [4688:8440:0513/134325.685:ERROR:platform_sensor_reader_win.cc(244)] NOT IMPLEMENTED
5월 13, 2019 13:43:26.20 [4688:8440:0513/134326.207:ERROR:platform_sensor_reader_win.cc(244)] NOT IMPLEMENTED
5월 13, 2019 13:43:26.72 [4688:8440:0513/134326.728:ERROR:platform_sensor_reader_win.cc(244)] NOT IMPLEMENTED
5월 13, 2019 13:43:27.25 [4688:8440:0513/134327.253:ERROR:platform_sensor_reader_win.cc(244)] NOT IMPLEMENTED
5월 13, 2019 13:43:27.77 [4688:8440:0513/134327.774:ERROR:platform_sensor_reader_win.cc(244)] NOT IMPLEMENTED
5월 13, 2019 13:43:28.29 [4688:8440:0513/134328.297:ERROR:platform_sensor_reader_win.cc(244)] NOT IMPLEMENTED
5월 13, 2019 13:43:28.81 [4688:8440:0513/134328.816:ERROR:platform_sensor_reader_win.cc(244)] NOT IMPLEMENTED
5월 13, 2019 13:43:29.33 [4688:8440:0513/134329.338:ERROR:platform_sensor_reader_win.cc(244)] NOT IMPLEMENTED
5월 13, 2019 13:43:29.86 [4688:8440:0513/134329.860:ERROR:platform_sensor_reader_win.cc(244)] NOT IMPLEMENTED
5월 13, 2019 13:43:30.37 [4688:8440:0513/134330.379:ERROR:platform_sensor_reader_win.cc(244)] NOT IMPLEMENTED
5월 13, 2019 13:43:30.89 [4688:8440:0513/134330.899:ERROR:platform_sensor_reader_win.cc(244)] NOT IMPLEMENTED
5월 13, 2019 13:43:31.42 [4688:8440:0513/134331.420:ERROR:platform_sensor_reader_win.cc(244)] NOT IMPLEMENTED
5월 13, 2019 13:43:31.94 [4688:8440:0513/134331.940:ERROR:platform_sensor_reader_win.cc(244)] NOT IMPLEMENTED
5월 13, 2019 13:43:32.46 [4688:8440:0513/134332.464:ERROR:platform_sensor_reader_win.cc(244)] NOT IMPLEMENTED
5월 13, 2019 13:43:32.98 [4688:8440:0513/134332.988:ERROR:platform_sensor_reader_win.cc(244)] NOT IMPLEMENTED
5월 13, 2019 13:43:33.51 [4688:8440:0513/134333.510:ERROR:platform_sensor_reader_win.cc(244)] NOT IMPLEMENTED
5월 13, 2019 13:43:34.03 [4688:8440:0513/134334.032:ERROR:platform_sensor_reader_win.cc(244)] NOT IMPLEMENTED
5월 13, 2019 13:43:34.55 [4688:8440:0513/134334.553:ERROR:platform_sensor_reader_win.cc(244)] NOT IMPLEMENTED
5월 13, 2019 13:43:35.07 [4688:8440:0513/134335.075:ERROR:platform_sensor_reader_win.cc(244)] NOT IMPLEMENTED
5월 13, 2019 13:43:35.59 [4688:8440:0513/134335.596:ERROR:platform_sensor_reader_win.cc(244)] NOT IMPLEMENTED
5월 13, 2019 13:43:36.11 [4688:8440:0513/134336.116:ERROR:platform_sensor_reader_win.cc(244)] NOT IMPLEMENTED
5월 13, 2019 13:43:36.63 [4688:8440:0513/134336.638:ERROR:platform_sensor_reader_win.cc(244)] NOT IMPLEMENTED
5월 13, 2019 13:43:37.15 [4688:8440:0513/134337.158:ERROR:platform_sensor_reader_win.cc(244)] NOT IMPLEMENTED
5월 13, 2019 13:43:37.67 [4688:8440:0513/134337.679:ERROR:platform_sensor_reader_win.cc(244)] NOT IMPLEMENTED
5월 13, 2019 13:43:38.20 [4688:8440:0513/134338.202:ERROR:platform_sensor_reader_win.cc(244)] NOT IMPLEMENTED
5월 13, 2019 13:43:38.72 [4688:8440:0513/134338.723:ERROR:platform_sensor_reader_win.cc(244)] NOT IMPLEMENTED
5월 13, 2019 13:43:39.24 [4688:8440:0513/134339.245:ERROR:platform_sensor_reader_win.cc(244)] NOT IMPLEMENTED
5월 13, 2019 13:43:39.76 [4688:8440:0513/134339.767:ERROR:platform_sensor_reader_win.cc(244)] NOT IMPLEMENTED
5월 13, 2019 13:43:40.28 [4688:8440:0513/134340.288:ERROR:platform_sensor_reader_win.cc(244)] NOT IMPLEMENTED
5월 13, 2019 13:43:40.81 [4688:8440:0513/134340.809:ERROR:platform_sensor_reader_win.cc(244)] NOT IMPLEMENTED
5월 13, 2019 13:43:41.33 [4688:8440:0513/134341.331:ERROR:platform_sensor_reader_win.cc(244)] NOT IMPLEMENTED
5월 13, 2019 13:43:41.85 [4688:8440:0513/134341.853:ERROR:platform_sensor_reader_win.cc(244)] NOT IMPLEMENTED
5월 13, 2019 13:43:42.37 [4688:8440:0513/134342.377:ERROR:platform_sensor_reader_win.cc(244)] NOT IMPLEMENTED
5월 13, 2019 13:43:42.89 [4688:8440:0513/134342.899:ERROR:platform_sensor_reader_win.cc(244)] NOT IMPLEMENTED
5월 13, 2019 13:43:43.42 [4688:8440:0513/134343.420:ERROR:platform_sensor_reader_win.cc(244)] NOT IMPLEMENTED
5월 13, 2019 13:43:43.94 [4688:8440:0513/134343.942:ERROR:platform_sensor_reader_win.cc(244)] NOT IMPLEMENTED
5월 13, 2019 13:43:44.46 [4688:8440:0513/134344.465:ERROR:platform_sensor_reader_win.cc(244)] NOT IMPLEMENTED
5월 13, 2019 13:43:44.99 [4688:8440:0513/134344.990:ERROR:platform_sensor_reader_win.cc(244)] NOT IMPLEMENTED
5월 13, 2019 13:43:45.51 [4688:8440:0513/134345.511:ERROR:platform_sensor_reader_win.cc(244)] NOT IMPLEMENTED
5월 13, 2019 13:43:46.03 [4688:8440:0513/134346.034:ERROR:platform_sensor_reader_win.cc(244)] NOT IMPLEMENTED
5월 13, 2019 13:43:46.55 [4688:8440:0513/134346.553:ERROR:platform_sensor_reader_win.cc(244)] NOT IMPLEMENTED
5월 13, 2019 13:43:47.07 [4688:8440:0513/134347.074:ERROR:platform_sensor_reader_win.cc(244)] NOT IMPLEMENTED
5월 13, 2019 13:43:47.59 [4688:8440:0513/134347.594:ERROR:platform_sensor_reader_win.cc(244)] NOT IMPLEMENTED
5월 13, 2019 13:43:48.11 [4688:8440:0513/134348.117:ERROR:platform_sensor_reader_win.cc(244)] NOT IMPLEMENTED
5월 13, 2019 13:43:48.63 [4688:8440:0513/134348.637:ERROR:platform_sensor_reader_win.cc(244)] NOT IMPLEMENTED
5월 13, 2019 13:43:49.15 [4688:8440:0513/134349.159:ERROR:platform_sensor_reader_win.cc(244)] NOT IMPLEMENTED
5월 13, 2019 13:43:49.67 [4688:8440:0513/134349.679:ERROR:platform_sensor_reader_win.cc(244)] NOT IMPLEMENTED
5월 13, 2019 13:43:50.19 [4688:8440:0513/134350.199:ERROR:platform_sensor_reader_win.cc(244)] NOT IMPLEMENTED
5월 13, 2019 13:43:50.72 [4688:8440:0513/134350.722:ERROR:platform_sensor_reader_win.cc(244)] NOT IMPLEMENTED
5월 13, 2019 13:43:51.24 [4688:8440:0513/134351.242:ERROR:platform_sensor_reader_win.cc(244)] NOT IMPLEMENTED
5월 13, 2019 13:43:51.76 [4688:8440:0513/134351.763:ERROR:platform_sensor_reader_win.cc(244)] NOT IMPLEMENTED
5월 13, 2019 13:43:52.28 [4688:8440:0513/134352.286:ERROR:platform_sensor_reader_win.cc(244)] NOT IMPLEMENTED
5월 13, 2019 13:43:52.80 [4688:8440:0513/134352.806:ERROR:platform_sensor_reader_win.cc(244)] NOT IMPLEMENTED
5월 13, 2019 13:43:53.32 [4688:8440:0513/134353.327:ERROR:platform_sensor_reader_win.cc(244)] NOT IMPLEMENTED
5월 13, 2019 13:43:53.84 [4688:8440:0513/134353.848:ERROR:platform_sensor_reader_win.cc(244)] NOT IMPLEMENTED
5월 13, 2019 13:43:54.36 [4688:8440:0513/134354.367:ERROR:platform_sensor_reader_win.cc(244)] NOT IMPLEMENTED
5월 13, 2019 13:43:54.88 [4688:8440:0513/134354.888:ERROR:platform_sensor_reader_win.cc(244)] NOT IMPLEMENTED
5월 13, 2019 13:43:55.40 [4688:8440:0513/134355.408:ERROR:platform_sensor_reader_win.cc(244)] NOT IMPLEMENTED
5월 13, 2019 13:43:55.93 [4688:8440:0513/134355.930:ERROR:platform_sensor_reader_win.cc(244)] NOT IMPLEMENTED
5월 13, 2019 13:43:56.45 [4688:8440:0513/134356.453:ERROR:platform_sensor_reader_win.cc(244)] NOT IMPLEMENTED
5월 13, 2019 13:43:56.97 [4688:8440:0513/134356.976:ERROR:platform_sensor_reader_win.cc(244)] NOT IMPLEMENTED
5월 13, 2019 13:43:57.49 [4688:8440:0513/134357.496:ERROR:platform_sensor_reader_win.cc(244)] NOT IMPLEMENTED
5월 13, 2019 13:43:58.01 [4688:8440:0513/134358.015:ERROR:platform_sensor_reader_win.cc(244)] NOT IMPLEMENTED
5월 13, 2019 13:43:58.53 [4688:8440:0513/134358.536:ERROR:platform_sensor_reader_win.cc(244)] NOT IMPLEMENTED
5월 13, 2019 13:43:59.05 [4688:8440:0513/134359.058:ERROR:platform_sensor_reader_win.cc(244)] NOT IMPLEMENTED
5월 13, 2019 13:43:59.58 [4688:8440:0513/134359.581:ERROR:platform_sensor_reader_win.cc(244)] NOT IMPLEMENTED
5월 13, 2019 13:44:00.10 [4688:8440:0513/134400.100:ERROR:platform_sensor_reader_win.cc(244)] NOT IMPLEMENTED
5월 13, 2019 13:44:00.62 [4688:8440:0513/134400.620:ERROR:platform_sensor_reader_win.cc(244)] NOT IMPLEMENTED
5월 13, 2019 13:44:01.14 [4688:8440:0513/134401.141:ERROR:platform_sensor_reader_win.cc(244)] NOT IMPLEMENTED
5월 13, 2019 13:44:01.66 [4688:8440:0513/134401.660:ERROR:platform_sensor_reader_win.cc(244)] NOT IMPLEMENTED
5월 13, 2019 13:44:02.18 [4688:8440:0513/134402.180:ERROR:platform_sensor_reader_win.cc(244)] NOT IMPLEMENTED
5월 13, 2019 13:44:02.70 [4688:8440:0513/134402.702:ERROR:platform_sensor_reader_win.cc(244)] NOT IMPLEMENTED
5월 13, 2019 13:44:03.22 [4688:8440:0513/134403.223:ERROR:platform_sensor_reader_win.cc(244)] NOT IMPLEMENTED
5월 13, 2019 13:44:03.74 [4688:8440:0513/134403.746:ERROR:platform_sensor_reader_win.cc(244)] NOT IMPLEMENTED
5월 13, 2019 13:44:04.26 [4688:8440:0513/134404.267:ERROR:platform_sensor_reader_win.cc(244)] NOT IMPLEMENTED
5월 13, 2019 13:44:04.78 [4688:8440:0513/134404.789:ERROR:platform_sensor_reader_win.cc(244)] NOT IMPLEMENTED
5월 13, 2019 13:44:05.30 [4688:8440:0513/134405.308:ERROR:platform_sensor_reader_win.cc(244)] NOT IMPLEMENTED
5월 13, 2019 13:44:05.82 [4688:8440:0513/134405.828:ERROR:platform_sensor_reader_win.cc(244)] NOT IMPLEMENTED
5월 13, 2019 13:44:06.34 [4688:8440:0513/134406.349:ERROR:platform_sensor_reader_win.cc(244)] NOT IMPLEMENTED
5월 13, 2019 13:44:06.87 [4688:8440:0513/134406.870:ERROR:platform_sensor_reader_win.cc(244)] NOT IMPLEMENTED
5월 13, 2019 13:44:07.39 [4688:8440:0513/134407.393:ERROR:platform_sensor_reader_win.cc(244)] NOT IMPLEMENTED
5월 13, 2019 13:44:07.91 [4688:8440:0513/134407.913:ERROR:platform_sensor_reader_win.cc(244)] NOT IMPLEMENTED
5월 13, 2019 13:44:08.43 [4688:8440:0513/134408.432:ERROR:platform_sensor_reader_win.cc(244)] NOT IMPLEMENTED
5월 13, 2019 13:44:08.95 [4688:8440:0513/134408.955:ERROR:platform_sensor_reader_win.cc(244)] NOT IMPLEMENTED
5월 13, 2019 13:44:09.47 [4688:8440:0513/134409.475:ERROR:platform_sensor_reader_win.cc(244)] NOT IMPLEMENTED
5월 13, 2019 13:44:09.99 [4688:8440:0513/134409.994:ERROR:platform_sensor_reader_win.cc(244)] NOT IMPLEMENTED
5월 13, 2019 13:44:10.51 [4688:8440:0513/134410.516:ERROR:platform_sensor_reader_win.cc(244)] NOT IMPLEMENTED
5월 13, 2019 13:44:11.03 [4688:8440:0513/134411.035:ERROR:platform_sensor_reader_win.cc(244)] NOT IMPLEMENTED
5월 13, 2019 13:44:11.55 [4688:8440:0513/134411.557:ERROR:platform_sensor_reader_win.cc(244)] NOT IMPLEMENTED
5월 13, 2019 13:44:12.07 [4688:8440:0513/134412.079:ERROR:platform_sensor_reader_win.cc(244)] NOT IMPLEMENTED
5월 13, 2019 13:44:12.60 [4688:8440:0513/134412.600:ERROR:platform_sensor_reader_win.cc(244)] NOT IMPLEMENTED
5월 13, 2019 13:44:13.12 [4688:8440:0513/134413.120:ERROR:platform_sensor_reader_win.cc(244)] NOT IMPLEMENTED
5월 13, 2019 13:44:13.64 [4688:8440:0513/134413.643:ERROR:platform_sensor_reader_win.cc(244)] NOT IMPLEMENTED
5월 13, 2019 13:44:14.16 [4688:8440:0513/134414.163:ERROR:platform_sensor_reader_win.cc(244)] NOT IMPLEMENTED
5월 13, 2019 13:44:14.68 [4688:8440:0513/134414.687:ERROR:platform_sensor_reader_win.cc(244)] NOT IMPLEMENTED
5월 13, 2019 13:44:15.20 [4688:8440:0513/134415.208:ERROR:platform_sensor_reader_win.cc(244)] NOT IMPLEMENTED
5월 13, 2019 13:44:15.72 [4688:8440:0513/134415.727:ERROR:platform_sensor_reader_win.cc(244)] NOT IMPLEMENTED
5월 13, 2019 13:44:16.24 [4688:8440:0513/134416.247:ERROR:platform_sensor_reader_win.cc(244)] NOT IMPLEMENTED
5월 13, 2019 13:44:16.77 [4688:8440:0513/134416.771:ERROR:platform_sensor_reader_win.cc(244)] NOT IMPLEMENTED
5월 13, 2019 13:44:17.29 [4688:8440:0513/134417.290:ERROR:platform_sensor_reader_win.cc(244)] NOT IMPLEMENTED
5월 13, 2019 13:44:17.81 [4688:8440:0513/134417.812:ERROR:platform_sensor_reader_win.cc(244)] NOT IMPLEMENTED
5월 13, 2019 13:44:18.33 [4688:8440:0513/134418.333:ERROR:platform_sensor_reader_win.cc(244)] NOT IMPLEMENTED
5월 13, 2019 13:44:18.85 [4688:8440:0513/134418.854:ERROR:platform_sensor_reader_win.cc(244)] NOT IMPLEMENTED
5월 13, 2019 13:44:19.37 [4688:8440:0513/134419.375:ERROR:platform_sensor_reader_win.cc(244)] NOT IMPLEMENTED
5월 13, 2019 13:44:19.89 [4688:8440:0513/134419.897:ERROR:platform_sensor_reader_win.cc(244)] NOT IMPLEMENTED
5월 13, 2019 13:44:20.41 [4688:8440:0513/134420.417:ERROR:platform_sensor_reader_win.cc(244)] NOT IMPLEMENTED
5월 13, 2019 13:44:20.94 [4688:8440:0513/134420.940:ERROR:platform_sensor_reader_win.cc(244)] NOT IMPLEMENTED
5월 13, 2019 13:44:21.46 [4688:8440:0513/134421.460:ERROR:platform_sensor_reader_win.cc(244)] NOT IMPLEMENTED
5월 13, 2019 13:44:21.98 [4688:8440:0513/134421.981:ERROR:platform_sensor_reader_win.cc(244)] NOT IMPLEMENTED
5월 13, 2019 13:44:22.50 [4688:8440:0513/134422.502:ERROR:platform_sensor_reader_win.cc(244)] NOT IMPLEMENTED
5월 13, 2019 13:44:23.02 [4688:8440:0513/134423.024:ERROR:platform_sensor_reader_win.cc(244)] NOT IMPLEMENTED
5월 13, 2019 13:44:23.54 [4688:8440:0513/134423.546:ERROR:platform_sensor_reader_win.cc(244)] NOT IMPLEMENTED
5월 13, 2019 13:44:24.06 [4688:8440:0513/134424.068:ERROR:platform_sensor_reader_win.cc(244)] NOT IMPLEMENTED
5월 13, 2019 13:44:24.58 [4688:8440:0513/134424.589:ERROR:platform_sensor_reader_win.cc(244)] NOT IMPLEMENTED
5월 13, 2019 13:44:25.10 [4688:8440:0513/134425.109:ERROR:platform_sensor_reader_win.cc(244)] NOT IMPLEMENTED
5월 13, 2019 13:44:25.63 [4688:8440:0513/134425.633:ERROR:platform_sensor_reader_win.cc(244)] NOT IMPLEMENTED
5월 13, 2019 13:44:26.15 [4688:8440:0513/134426.154:ERROR:platform_sensor_reader_win.cc(244)] NOT IMPLEMENTED
5월 13, 2019 13:44:26.67 [4688:8440:0513/134426.674:ERROR:platform_sensor_reader_win.cc(244)] NOT IMPLEMENTED
5월 13, 2019 13:44:27.19 [4688:8440:0513/134427.194:ERROR:platform_sensor_reader_win.cc(244)] NOT IMPLEMENTED
5월 13, 2019 13:44:27.71 [4688:8440:0513/134427.715:ERROR:platform_sensor_reader_win.cc(244)] NOT IMPLEMENTED
5월 13, 2019 13:44:28.23 [4688:8440:0513/134428.235:ERROR:platform_sensor_reader_win.cc(244)] NOT IMPLEMENTED
5월 13, 2019 13:44:28.75 [4688:8440:0513/134428.754:ERROR:platform_sensor_reader_win.cc(244)] NOT IMPLEMENTED
5월 13, 2019 13:44:29.27 [4688:8440:0513/134429.275:ERROR:platform_sensor_reader_win.cc(244)] NOT IMPLEMENTED
5월 13, 2019 13:44:29.79 [4688:8440:0513/134429.796:ERROR:platform_sensor_reader_win.cc(244)] NOT IMPLEMENTED
5월 13, 2019 13:44:30.31 [4688:8440:0513/134430.318:ERROR:platform_sensor_reader_win.cc(244)] NOT IMPLEMENTED
5월 13, 2019 13:44:30.83 [4688:8440:0513/134430.838:ERROR:platform_sensor_reader_win.cc(244)] NOT IMPLEMENTED
5월 13, 2019 13:44:31.35 [4688:8440:0513/134431.359:ERROR:platform_sensor_reader_win.cc(244)] NOT IMPLEMENTED
5월 13, 2019 13:44:31.87 [4688:8440:0513/134431.879:ERROR:platform_sensor_reader_win.cc(244)] NOT IMPLEMENTED
5월 13, 2019 13:44:32.40 [4688:8440:0513/134432.400:ERROR:platform_sensor_reader_win.cc(244)] NOT IMPLEMENTED
5월 13, 2019 13:44:32.92 [4688:8440:0513/134432.924:ERROR:platform_sensor_reader_win.cc(244)] NOT IMPLEMENTED
5월 13, 2019 13:44:33.44 [4688:8440:0513/134433.445:ERROR:platform_sensor_reader_win.cc(244)] NOT IMPLEMENTED
5월 13, 2019 13:44:33.96 [4688:8440:0513/134433.967:ERROR:platform_sensor_reader_win.cc(244)] NOT IMPLEMENTED
5월 13, 2019 13:44:34.48 [4688:8440:0513/134434.488:ERROR:platform_sensor_reader_win.cc(244)] NOT IMPLEMENTED
5월 13, 2019 13:44:35.01 [4688:8440:0513/134435.010:ERROR:platform_sensor_reader_win.cc(244)] NOT IMPLEMENTED
5월 13, 2019 13:44:35.53 [4688:8440:0513/134435.530:ERROR:platform_sensor_reader_win.cc(244)] NOT IMPLEMENTED
5월 13, 2019 13:44:36.05 [4688:8440:0513/134436.050:ERROR:platform_sensor_reader_win.cc(244)] NOT IMPLEMENTED
5월 13, 2019 13:44:36.57 [4688:8440:0513/134436.571:ERROR:platform_sensor_reader_win.cc(244)] NOT IMPLEMENTED
5월 13, 2019 13:44:37.09 [4688:8440:0513/134437.091:ERROR:platform_sensor_reader_win.cc(244)] NOT IMPLEMENTED
5월 13, 2019 13:44:37.61 [4688:8440:0513/134437.613:ERROR:platform_sensor_reader_win.cc(244)] NOT IMPLEMENTED
5월 13, 2019 13:44:38.13 [4688:8440:0513/134438.134:ERROR:platform_sensor_reader_win.cc(244)] NOT IMPLEMENTED
5월 13, 2019 13:44:38.65 [4688:8440:0513/134438.656:ERROR:platform_sensor_reader_win.cc(244)] NOT IMPLEMENTED
5월 13, 2019 13:44:39.17 [4688:8440:0513/134439.178:ERROR:platform_sensor_reader_win.cc(244)] NOT IMPLEMENTED
5월 13, 2019 13:44:39.70 [4688:8440:0513/134439.700:ERROR:platform_sensor_reader_win.cc(244)] NOT IMPLEMENTED
5월 13, 2019 13:44:40.22 [4688:8440:0513/134440.223:ERROR:platform_sensor_reader_win.cc(244)] NOT IMPLEMENTED
5월 13, 2019 13:44:40.74 [4688:8440:0513/134440.744:ERROR:platform_sensor_reader_win.cc(244)] NOT IMPLEMENTED
5월 13, 2019 13:44:41.26 [4688:8440:0513/134441.264:ERROR:platform_sensor_reader_win.cc(244)] NOT IMPLEMENTED
5월 13, 2019 13:44:41.78 [4688:8440:0513/134441.786:ERROR:platform_sensor_reader_win.cc(244)] NOT IMPLEMENTED
5월 13, 2019 13:44:42.30 [4688:8440:0513/134442.304:ERROR:platform_sensor_reader_win.cc(244)] NOT IMPLEMENTED
5월 13, 2019 13:44:42.82 [4688:8440:0513/134442.826:ERROR:platform_sensor_reader_win.cc(244)] NOT IMPLEMENTED
5월 13, 2019 13:44:43.34 [4688:8440:0513/134443.346:ERROR:platform_sensor_reader_win.cc(244)] NOT IMPLEMENTED
5월 13, 2019 13:44:43.86 [4688:8440:0513/134443.869:ERROR:platform_sensor_reader_win.cc(244)] NOT IMPLEMENTED
5월 13, 2019 13:44:44.39 [4688:8440:0513/134444.392:ERROR:platform_sensor_reader_win.cc(244)] NOT IMPLEMENTED
5월 13, 2019 13:44:44.91 [4688:8440:0513/134444.912:ERROR:platform_sensor_reader_win.cc(244)] NOT IMPLEMENTED
5월 13, 2019 13:44:45.43 [4688:8440:0513/134445.433:ERROR:platform_sensor_reader_win.cc(244)] NOT IMPLEMENTED
5월 13, 2019 13:44:45.95 [4688:8440:0513/134445.954:ERROR:platform_sensor_reader_win.cc(244)] NOT IMPLEMENTED
5월 13, 2019 13:44:46.47 [4688:8440:0513/134446.475:ERROR:platform_sensor_reader_win.cc(244)] NOT IMPLEMENTED
5월 13, 2019 13:44:46.99 [4688:8440:0513/134446.996:ERROR:platform_sensor_reader_win.cc(244)] NOT IMPLEMENTED
5월 13, 2019 13:44:47.51 [4688:8440:0513/134447.516:ERROR:platform_sensor_reader_win.cc(244)] NOT IMPLEMENTED
5월 13, 2019 13:44:48.03 [4688:8440:0513/134448.038:ERROR:platform_sensor_reader_win.cc(244)] NOT IMPLEMENTED
5월 13, 2019 13:44:48.55 [4688:8440:0513/134448.558:ERROR:platform_sensor_reader_win.cc(244)] NOT IMPLEMENTED
5월 13, 2019 13:44:49.07 [4688:8440:0513/134449.079:ERROR:platform_sensor_reader_win.cc(244)] NOT IMPLEMENTED
5월 13, 2019 13:44:49.60 [4688:8440:0513/134449.603:ERROR:platform_sensor_reader_win.cc(244)] NOT IMPLEMENTED
5월 13, 2019 13:44:50.12 [4688:8440:0513/134450.124:ERROR:platform_sensor_reader_win.cc(244)] NOT IMPLEMENTED
5월 13, 2019 13:44:50.64 [4688:8440:0513/134450.646:ERROR:platform_sensor_reader_win.cc(244)] NOT IMPLEMENTED
5월 13, 2019 13:44:51.16 [4688:8440:0513/134451.165:ERROR:platform_sensor_reader_win.cc(244)] NOT IMPLEMENTED
5월 13, 2019 13:44:51.68 [4688:8440:0513/134451.685:ERROR:platform_sensor_reader_win.cc(244)] NOT IMPLEMENTED
5월 13, 2019 13:44:52.20 [4688:8440:0513/134452.207:ERROR:platform_sensor_reader_win.cc(244)] NOT IMPLEMENTED
5월 13, 2019 13:44:52.72 [4688:8440:0513/134452.726:ERROR:platform_sensor_reader_win.cc(244)] NOT IMPLEMENTED
5월 13, 2019 13:44:53.24 [4688:8440:0513/134453.249:ERROR:platform_sensor_reader_win.cc(244)] NOT IMPLEMENTED
5월 13, 2019 13:44:53.77 [4688:8440:0513/134453.770:ERROR:platform_sensor_reader_win.cc(244)] NOT IMPLEMENTED
5월 13, 2019 13:44:54.29 [4688:8440:0513/134454.290:ERROR:platform_sensor_reader_win.cc(244)] NOT IMPLEMENTED
5월 13, 2019 13:44:54.80 [4688:8440:0513/134454.809:ERROR:platform_sensor_reader_win.cc(244)] NOT IMPLEMENTED
5월 13, 2019 13:44:55.33 [4688:8440:0513/134455.331:ERROR:platform_sensor_reader_win.cc(244)] NOT IMPLEMENTED
5월 13, 2019 13:44:55.85 [4688:8440:0513/134455.851:ERROR:platform_sensor_reader_win.cc(244)] NOT IMPLEMENTED
5월 13, 2019 13:44:56.37 [4688:8440:0513/134456.373:ERROR:platform_sensor_reader_win.cc(244)] NOT IMPLEMENTED
5월 13, 2019 13:44:56.89 [4688:8440:0513/134456.895:ERROR:platform_sensor_reader_win.cc(244)] NOT IMPLEMENTED
5월 13, 2019 13:44:57.41 [4688:8440:0513/134457.414:ERROR:platform_sensor_reader_win.cc(244)] NOT IMPLEMENTED
5월 13, 2019 13:44:57.93 [4688:8440:0513/134457.934:ERROR:platform_sensor_reader_win.cc(244)] NOT IMPLEMENTED
5월 13, 2019 13:44:58.45 [4688:8440:0513/134458.456:ERROR:platform_sensor_reader_win.cc(244)] NOT IMPLEMENTED
5월 13, 2019 13:44:58.97 [4688:8440:0513/134458.978:ERROR:platform_sensor_reader_win.cc(244)] NOT IMPLEMENTED
5월 13, 2019 13:44:59.50 [4688:8440:0513/134459.499:ERROR:platform_sensor_reader_win.cc(244)] NOT IMPLEMENTED
5월 13, 2019 13:45:00.01 [4688:8440:0513/134500.019:ERROR:platform_sensor_reader_win.cc(244)] NOT IMPLEMENTED
5월 13, 2019 13:45:00.53 [4688:8440:0513/134500.539:ERROR:platform_sensor_reader_win.cc(244)] NOT IMPLEMENTED
5월 13, 2019 13:45:01.06 [4688:8440:0513/134501.060:ERROR:platform_sensor_reader_win.cc(244)] NOT IMPLEMENTED
5월 13, 2019 13:45:01.58 [4688:8440:0513/134501.582:ERROR:platform_sensor_reader_win.cc(244)] NOT IMPLEMENTED
5월 13, 2019 13:45:02.10 [4688:8440:0513/134502.105:ERROR:platform_sensor_reader_win.cc(244)] NOT IMPLEMENTED
5월 13, 2019 13:45:02.62 [4688:8440:0513/134502.627:ERROR:platform_sensor_reader_win.cc(244)] NOT IMPLEMENTED
5월 13, 2019 13:45:03.14 [4688:8440:0513/134503.147:ERROR:platform_sensor_reader_win.cc(244)] NOT IMPLEMENTED
5월 13, 2019 13:45:03.66 [4688:8440:0513/134503.667:ERROR:platform_sensor_reader_win.cc(244)] NOT IMPLEMENTED
5월 13, 2019 13:45:04.18 [4688:8440:0513/134504.189:ERROR:platform_sensor_reader_win.cc(244)] NOT IMPLEMENTED
5월 13, 2019 13:45:04.70 [4688:8440:0513/134504.708:ERROR:platform_sensor_reader_win.cc(244)] NOT IMPLEMENTED
5월 13, 2019 13:45:05.23 [4688:8440:0513/134505.230:ERROR:platform_sensor_reader_win.cc(244)] NOT IMPLEMENTED
5월 13, 2019 13:45:05.75 [4688:8440:0513/134505.751:ERROR:platform_sensor_reader_win.cc(244)] NOT IMPLEMENTED
5월 13, 2019 13:45:06.27 [4688:8440:0513/134506.272:ERROR:platform_sensor_reader_win.cc(244)] NOT IMPLEMENTED
5월 13, 2019 13:45:06.79 [4688:8440:0513/134506.793:ERROR:platform_sensor_reader_win.cc(244)] NOT IMPLEMENTED
5월 13, 2019 13:45:07.31 [4688:8440:0513/134507.314:ERROR:platform_sensor_reader_win.cc(244)] NOT IMPLEMENTED
5월 13, 2019 13:45:07.83 [4688:8440:0513/134507.835:ERROR:platform_sensor_reader_win.cc(244)] NOT IMPLEMENTED
5월 13, 2019 13:45:08.35 [4688:8440:0513/134508.356:ERROR:platform_sensor_reader_win.cc(244)] NOT IMPLEMENTED
5월 13, 2019 13:45:08.87 [4688:8440:0513/134508.878:ERROR:platform_sensor_reader_win.cc(244)] NOT IMPLEMENTED
5월 13, 2019 13:45:09.39 [4688:8440:0513/134509.399:ERROR:platform_sensor_reader_win.cc(244)] NOT IMPLEMENTED
5월 13, 2019 13:45:09.92 [4688:8440:0513/134509.920:ERROR:platform_sensor_reader_win.cc(244)] NOT IMPLEMENTED
5월 13, 2019 13:45:10.44 [4688:8440:0513/134510.441:ERROR:platform_sensor_reader_win.cc(244)] NOT IMPLEMENTED
5월 13, 2019 13:45:10.96 [4688:8440:0513/134510.962:ERROR:platform_sensor_reader_win.cc(244)] NOT IMPLEMENTED
5월 13, 2019 13:45:11.48 [4688:8440:0513/134511.484:ERROR:platform_sensor_reader_win.cc(244)] NOT IMPLEMENTED
5월 13, 2019 13:45:12.00 [4688:8440:0513/134512.006:ERROR:platform_sensor_reader_win.cc(244)] NOT IMPLEMENTED
5월 13, 2019 13:45:12.52 [4688:8440:0513/134512.526:ERROR:platform_sensor_reader_win.cc(244)] NOT IMPLEMENTED
5월 13, 2019 13:45:13.04 [4688:8440:0513/134513.045:ERROR:platform_sensor_reader_win.cc(244)] NOT IMPLEMENTED
5월 13, 2019 13:45:13.56 [4688:8440:0513/134513.565:ERROR:platform_sensor_reader_win.cc(244)] NOT IMPLEMENTED
5월 13, 2019 13:45:14.08 [4688:8440:0513/134514.086:ERROR:platform_sensor_reader_win.cc(244)] NOT IMPLEMENTED
5월 13, 2019 13:45:14.60 [4688:8440:0513/134514.608:ERROR:platform_sensor_reader_win.cc(244)] NOT IMPLEMENTED
5월 13, 2019 13:45:15.12 [4688:8440:0513/134515.129:ERROR:platform_sensor_reader_win.cc(244)] NOT IMPLEMENTED
5월 13, 2019 13:45:15.65 [4688:8440:0513/134515.651:ERROR:platform_sensor_reader_win.cc(244)] NOT IMPLEMENTED
5월 13, 2019 13:45:16.17 [4688:8440:0513/134516.173:ERROR:platform_sensor_reader_win.cc(244)] NOT IMPLEMENTED
5월 13, 2019 13:45:16.69 [4688:8440:0513/134516.695:ERROR:platform_sensor_reader_win.cc(244)] NOT IMPLEMENTED
5월 13, 2019 13:45:17.21 [4688:8440:0513/134517.216:ERROR:platform_sensor_reader_win.cc(244)] NOT IMPLEMENTED
5월 13, 2019 13:45:17.73 [4688:8440:0513/134517.736:ERROR:platform_sensor_reader_win.cc(244)] NOT IMPLEMENTED
5월 13, 2019 13:45:18.25 [4688:8440:0513/134518.257:ERROR:platform_sensor_reader_win.cc(244)] NOT IMPLEMENTED
5월 13, 2019 13:45:18.77 [4688:8440:0513/134518.775:ERROR:platform_sensor_reader_win.cc(244)] NOT IMPLEMENTED
5월 13, 2019 13:45:19.29 [4688:8440:0513/134519.296:ERROR:platform_sensor_reader_win.cc(244)] NOT IMPLEMENTED
5월 13, 2019 13:45:19.81 [4688:8440:0513/134519.814:ERROR:platform_sensor_reader_win.cc(244)] NOT IMPLEMENTED
5월 13, 2019 13:45:20.33 [4688:8440:0513/134520.334:ERROR:platform_sensor_reader_win.cc(244)] NOT IMPLEMENTED
5월 13, 2019 13:45:20.85 [4688:8440:0513/134520.856:ERROR:platform_sensor_reader_win.cc(244)] NOT IMPLEMENTED
5월 13, 2019 13:45:21.38 [4688:8440:0513/134521.384:ERROR:platform_sensor_reader_win.cc(244)] NOT IMPLEMENTED
5월 13, 2019 13:45:21.90 [4688:8440:0513/134521.903:ERROR:platform_sensor_reader_win.cc(244)] NOT IMPLEMENTED
5월 13, 2019 13:45:22.42 [4688:8440:0513/134522.423:ERROR:platform_sensor_reader_win.cc(244)] NOT IMPLEMENTED
5월 13, 2019 13:45:22.94 [4688:8440:0513/134522.944:ERROR:platform_sensor_reader_win.cc(244)] NOT IMPLEMENTED
5월 13, 2019 13:45:23.46 [4688:8440:0513/134523.465:ERROR:platform_sensor_reader_win.cc(244)] NOT IMPLEMENTED
5월 13, 2019 13:45:23.98 [4688:8440:0513/134523.988:ERROR:platform_sensor_reader_win.cc(244)] NOT IMPLEMENTED
5월 13, 2019 13:45:24.51 [4688:8440:0513/134524.510:ERROR:platform_sensor_reader_win.cc(244)] NOT IMPLEMENTED
5월 13, 2019 13:45:25.03 [4688:8440:0513/134525.032:ERROR:platform_sensor_reader_win.cc(244)] NOT IMPLEMENTED
5월 13, 2019 13:45:25.55 [4688:8440:0513/134525.552:ERROR:platform_sensor_reader_win.cc(244)] NOT IMPLEMENTED
5월 13, 2019 13:45:26.07 [4688:8440:0513/134526.072:ERROR:platform_sensor_reader_win.cc(244)] NOT IMPLEMENTED
5월 13, 2019 13:45:26.59 [4688:8440:0513/134526.594:ERROR:platform_sensor_reader_win.cc(244)] NOT IMPLEMENTED
5월 13, 2019 13:45:27.11 [4688:8440:0513/134527.116:ERROR:platform_sensor_reader_win.cc(244)] NOT IMPLEMENTED
5월 13, 2019 13:45:27.63 [4688:8440:0513/134527.637:ERROR:platform_sensor_reader_win.cc(244)] NOT IMPLEMENTED
5월 13, 2019 13:45:28.15 [4688:8440:0513/134528.158:ERROR:platform_sensor_reader_win.cc(244)] NOT IMPLEMENTED
5월 13, 2019 13:45:28.67 [4688:8440:0513/134528.677:ERROR:platform_sensor_reader_win.cc(244)] NOT IMPLEMENTED
5월 13, 2019 13:45:29.19 [4688:8440:0513/134529.198:ERROR:platform_sensor_reader_win.cc(244)] NOT IMPLEMENTED
5월 13, 2019 13:45:29.71 [4688:8440:0513/134529.719:ERROR:platform_sensor_reader_win.cc(244)] NOT IMPLEMENTED
5월 13, 2019 13:45:30.24 [4688:8440:0513/134530.243:ERROR:platform_sensor_reader_win.cc(244)] NOT IMPLEMENTED
5월 13, 2019 13:45:30.76 [4688:8440:0513/134530.764:ERROR:platform_sensor_reader_win.cc(244)] NOT IMPLEMENTED
5월 13, 2019 13:45:31.28 [4688:8440:0513/134531.284:ERROR:platform_sensor_reader_win.cc(244)] NOT IMPLEMENTED
5월 13, 2019 13:45:31.80 [4688:8440:0513/134531.806:ERROR:platform_sensor_reader_win.cc(244)] NOT IMPLEMENTED
5월 13, 2019 13:45:32.32 [4688:8440:0513/134532.327:ERROR:platform_sensor_reader_win.cc(244)] NOT IMPLEMENTED
5월 13, 2019 13:46:05.81 [4688:8440:0513/134605.812:ERROR:platform_sensor_reader_win.cc(244)] NOT IMPLEMENTED
5월 13, 2019 13:46:06.41 [4688:8440:0513/134606.416:ERROR:platform_sensor_reader_win.cc(244)] NOT IMPLEMENTED
5월 13, 2019 13:46:06.93 [4688:8440:0513/134606.937:ERROR:platform_sensor_reader_win.cc(244)] NOT IMPLEMENTED
5월 13, 2019 13:46:07.45 [4688:8440:0513/134607.457:ERROR:platform_sensor_reader_win.cc(244)] NOT IMPLEMENTED
5월 13, 2019 13:46:07.97 [4688:8440:0513/134607.978:ERROR:platform_sensor_reader_win.cc(244)] NOT IMPLEMENTED
5월 13, 2019 13:46:08.49 [4688:8440:0513/134608.498:ERROR:platform_sensor_reader_win.cc(244)] NOT IMPLEMENTED
5월 13, 2019 13:46:09.02 [4688:8440:0513/134609.022:ERROR:platform_sensor_reader_win.cc(244)] NOT IMPLEMENTED
5월 13, 2019 13:46:09.54 [4688:8440:0513/134609.544:ERROR:platform_sensor_reader_win.cc(244)] NOT IMPLEMENTED
5월 13, 2019 13:46:10.06 [4688:8440:0513/134610.065:ERROR:platform_sensor_reader_win.cc(244)] NOT IMPLEMENTED
5월 13, 2019 13:46:10.58 [4688:8440:0513/134610.585:ERROR:platform_sensor_reader_win.cc(244)] NOT IMPLEMENTED
5월 13, 2019 13:46:11.12 [4688:8440:0513/134611.120:ERROR:platform_sensor_reader_win.cc(244)] NOT IMPLEMENTED
5월 13, 2019 13:46:11.76 [4688:8440:0513/134611.764:ERROR:platform_sensor_reader_win.cc(244)] NOT IMPLEMENTED
5월 13, 2019 13:46:12.53 [4688:8440:0513/134612.538:ERROR:platform_sensor_reader_win.cc(244)] NOT IMPLEMENTED
5월 13, 2019 13:46:13.06 [4688:8440:0513/134613.060:ERROR:platform_sensor_reader_win.cc(244)] NOT IMPLEMENTED
5월 13, 2019 13:46:13.59 [4688:8440:0513/134613.590:ERROR:platform_sensor_reader_win.cc(244)] NOT IMPLEMENTED
5월 13, 2019 13:46:14.12 [4688:8440:0513/134614.120:ERROR:platform_sensor_reader_win.cc(244)] NOT IMPLEMENTED
5월 13, 2019 13:46:14.69 [4688:8440:0513/134614.699:ERROR:platform_sensor_reader_win.cc(244)] NOT IMPLEMENTED
5월 13, 2019 13:46:15.33 [4688:8440:0513/134615.332:ERROR:platform_sensor_reader_win.cc(244)] NOT IMPLEMENTED
5월 13, 2019 13:46:15.90 [4688:8440:0513/134615.901:ERROR:platform_sensor_reader_win.cc(244)] NOT IMPLEMENTED
5월 13, 2019 13:46:16.56 [4688:8440:0513/134616.565:ERROR:platform_sensor_reader_win.cc(244)] NOT IMPLEMENTED
5월 13, 2019 13:46:17.37 [4688:8440:0513/134617.375:ERROR:platform_sensor_reader_win.cc(244)] NOT IMPLEMENTED
5월 13, 2019 13:46:18.04 [4688:8440:0513/134618.042:ERROR:platform_sensor_reader_win.cc(244)] NOT IMPLEMENTED
5월 13, 2019 13:46:18.56 [4688:8440:0513/134618.560:ERROR:platform_sensor_reader_win.cc(244)] NOT IMPLEMENTED
5월 13, 2019 13:46:19.08 [4688:8440:0513/134619.081:ERROR:platform_sensor_reader_win.cc(244)] NOT IMPLEMENTED
5월 13, 2019 13:46:19.60 [4688:8440:0513/134619.602:ERROR:platform_sensor_reader_win.cc(244)] NOT IMPLEMENTED
5월 13, 2019 13:46:20.12 [4688:8440:0513/134620.123:ERROR:platform_sensor_reader_win.cc(244)] NOT IMPLEMENTED
5월 13, 2019 13:46:20.65 [4688:8440:0513/134620.650:ERROR:platform_sensor_reader_win.cc(244)] NOT IMPLEMENTED
5월 13, 2019 13:46:21.19 [4688:8440:0513/134621.194:ERROR:platform_sensor_reader_win.cc(244)] NOT IMPLEMENTED
5월 13, 2019 13:46:21.71 [4688:8440:0513/134621.719:ERROR:platform_sensor_reader_win.cc(244)] NOT IMPLEMENTED
5월 13, 2019 13:46:22.24 [4688:8440:0513/134622.246:ERROR:platform_sensor_reader_win.cc(244)] NOT IMPLEMENTED
5월 13, 2019 13:46:22.77 [4688:8440:0513/134622.770:ERROR:platform_sensor_reader_win.cc(244)] NOT IMPLEMENTED
5월 13, 2019 13:46:23.29 [4688:8440:0513/134623.294:ERROR:platform_sensor_reader_win.cc(244)] NOT IMPLEMENTED
5월 13, 2019 13:46:27.86 [4688:8440:0513/134627.867:ERROR:platform_sensor_reader_win.cc(244)] NOT IMPLEMENTED
5월 13, 2019 13:46:28.42 [4688:8440:0513/134628.428:ERROR:platform_sensor_reader_win.cc(244)] NOT IMPLEMENTED
5월 13, 2019 13:46:28.95 [4688:8440:0513/134628.956:ERROR:platform_sensor_reader_win.cc(244)] NOT IMPLEMENTED
5월 13, 2019 13:46:29.47 [4688:8440:0513/134629.478:ERROR:platform_sensor_reader_win.cc(244)] NOT IMPLEMENTED
5월 13, 2019 13:46:29.99 [4688:8440:0513/134629.999:ERROR:platform_sensor_reader_win.cc(244)] NOT IMPLEMENTED
5월 13, 2019 13:46:30.52 [4688:8440:0513/134630.521:ERROR:platform_sensor_reader_win.cc(244)] NOT IMPLEMENTED
5월 13, 2019 13:46:31.04 [4688:8440:0513/134631.041:ERROR:platform_sensor_reader_win.cc(244)] NOT IMPLEMENTED
5월 13, 2019 13:46:31.56 [4688:8440:0513/134631.563:ERROR:platform_sensor_reader_win.cc(244)] NOT IMPLEMENTED
5월 13, 2019 13:46:31.76 [4688:8440:0513/134631.765:ERROR:platform_sensor_reader_win.cc(244)] NOT IMPLEMENTED
5월 13, 2019 13:46:32.45 [4688:8440:0513/134632.459:ERROR:platform_sensor_reader_win.cc(244)] NOT IMPLEMENTED
5월 13, 2019 13:46:33.09 [4688:8440:0513/134633.099:ERROR:platform_sensor_reader_win.cc(244)] NOT IMPLEMENTED
5월 13, 2019 13:46:33.62 [4688:8440:0513/134633.624:ERROR:platform_sensor_reader_win.cc(244)] NOT IMPLEMENTED
5월 13, 2019 13:46:34.14 [4688:8440:0513/134634.144:ERROR:platform_sensor_reader_win.cc(244)] NOT IMPLEMENTED
5월 13, 2019 13:46:34.66 [4688:8440:0513/134634.665:ERROR:platform_sensor_reader_win.cc(244)] NOT IMPLEMENTED
5월 13, 2019 13:46:35.18 [4688:8440:0513/134635.185:ERROR:platform_sensor_reader_win.cc(244)] NOT IMPLEMENTED
5월 13, 2019 13:46:35.70 [4688:8440:0513/134635.706:ERROR:platform_sensor_reader_win.cc(244)] NOT IMPLEMENTED
5월 13, 2019 13:46:36.22 [4688:8440:0513/134636.227:ERROR:platform_sensor_reader_win.cc(244)] NOT IMPLEMENTED
5월 13, 2019 13:46:36.74 [4688:8440:0513/134636.749:ERROR:platform_sensor_reader_win.cc(244)] NOT IMPLEMENTED
5월 13, 2019 13:46:37.27 [4688:8440:0513/134637.270:ERROR:platform_sensor_reader_win.cc(244)] NOT IMPLEMENTED
5월 13, 2019 13:46:37.79 [4688:8440:0513/134637.790:ERROR:platform_sensor_reader_win.cc(244)] NOT IMPLEMENTED
5월 13, 2019 13:46:38.31 [4688:8440:0513/134638.313:ERROR:platform_sensor_reader_win.cc(244)] NOT IMPLEMENTED
5월 13, 2019 13:46:38.83 [4688:8440:0513/134638.833:ERROR:platform_sensor_reader_win.cc(244)] NOT IMPLEMENTED
5월 13, 2019 13:46:39.35 [4688:8440:0513/134639.355:ERROR:platform_sensor_reader_win.cc(244)] NOT IMPLEMENTED
5월 13, 2019 13:46:39.87 [4688:8440:0513/134639.876:ERROR:platform_sensor_reader_win.cc(244)] NOT IMPLEMENTED
5월 13, 2019 13:46:40.41 [4688:8440:0513/134640.413:ERROR:platform_sensor_reader_win.cc(244)] NOT IMPLEMENTED
5월 13, 2019 13:46:41.08 [4688:8440:0513/134641.088:ERROR:platform_sensor_reader_win.cc(244)] NOT IMPLEMENTED
5월 13, 2019 13:46:41.69 [4688:8440:0513/134641.695:ERROR:platform_sensor_reader_win.cc(244)] NOT IMPLEMENTED
5월 13, 2019 13:46:42.26 [4688:8440:0513/134642.265:ERROR:platform_sensor_reader_win.cc(244)] NOT IMPLEMENTED
5월 13, 2019 13:46:42.82 [4688:8440:0513/134642.827:ERROR:platform_sensor_reader_win.cc(244)] NOT IMPLEMENTED
5월 13, 2019 13:46:43.34 [4688:8440:0513/134643.348:ERROR:platform_sensor_reader_win.cc(244)] NOT IMPLEMENTED
5월 13, 2019 13:46:43.87 [4688:8440:0513/134643.870:ERROR:platform_sensor_reader_win.cc(244)] NOT IMPLEMENTED
5월 13, 2019 13:46:44.39 [4688:8440:0513/134644.392:ERROR:platform_sensor_reader_win.cc(244)] NOT IMPLEMENTED
5월 13, 2019 13:46:44.91 [4688:8440:0513/134644.912:ERROR:platform_sensor_reader_win.cc(244)] NOT IMPLEMENTED
5월 13, 2019 13:46:45.43 [4688:8440:0513/134645.437:ERROR:platform_sensor_reader_win.cc(244)] NOT IMPLEMENTED
5월 13, 2019 13:46:45.95 [4688:8440:0513/134645.956:ERROR:platform_sensor_reader_win.cc(244)] NOT IMPLEMENTED
5월 13, 2019 13:46:46.64 [4688:8440:0513/134646.640:ERROR:platform_sensor_reader_win.cc(244)] NOT IMPLEMENTED
5월 13, 2019 13:46:47.26 [4688:8440:0513/134647.267:ERROR:platform_sensor_reader_win.cc(244)] NOT IMPLEMENTED
5월 13, 2019 13:46:47.78 [4688:8440:0513/134647.789:ERROR:platform_sensor_reader_win.cc(244)] NOT IMPLEMENTED
5월 13, 2019 13:46:48.30 [4688:8440:0513/134648.308:ERROR:platform_sensor_reader_win.cc(244)] NOT IMPLEMENTED
5월 13, 2019 13:46:48.83 [4688:8440:0513/134648.831:ERROR:platform_sensor_reader_win.cc(244)] NOT IMPLEMENTED
5월 13, 2019 13:46:49.35 [4688:8440:0513/134649.351:ERROR:platform_sensor_reader_win.cc(244)] NOT IMPLEMENTED
5월 13, 2019 13:46:49.87 [4688:8440:0513/134649.874:ERROR:platform_sensor_reader_win.cc(244)] NOT IMPLEMENTED
5월 13, 2019 13:46:50.39 [4688:8440:0513/134650.395:ERROR:platform_sensor_reader_win.cc(244)] NOT IMPLEMENTED
5월 13, 2019 13:46:50.91 [4688:8440:0513/134650.917:ERROR:platform_sensor_reader_win.cc(244)] NOT IMPLEMENTED
5월 13, 2019 13:46:51.43 [4688:8440:0513/134651.438:ERROR:platform_sensor_reader_win.cc(244)] NOT IMPLEMENTED
5월 13, 2019 13:46:52.12 [4688:8440:0513/134652.121:ERROR:platform_sensor_reader_win.cc(244)] NOT IMPLEMENTED
5월 13, 2019 13:46:52.67 [4688:8440:0513/134652.678:ERROR:platform_sensor_reader_win.cc(244)] NOT IMPLEMENTED
5월 13, 2019 13:46:53.19 [4688:8440:0513/134653.199:ERROR:platform_sensor_reader_win.cc(244)] NOT IMPLEMENTED
5월 13, 2019 13:46:53.72 [4688:8440:0513/134653.721:ERROR:platform_sensor_reader_win.cc(244)] NOT IMPLEMENTED
5월 13, 2019 13:46:54.36 [4688:8440:0513/134654.361:ERROR:platform_sensor_reader_win.cc(244)] NOT IMPLEMENTED
5월 13, 2019 13:46:54.98 [4688:8440:0513/134654.989:ERROR:platform_sensor_reader_win.cc(244)] NOT IMPLEMENTED
5월 13, 2019 13:46:55.55 [4688:8440:0513/134655.556:ERROR:platform_sensor_reader_win.cc(244)] NOT IMPLEMENTED
5월 13, 2019 13:46:56.07 [4688:8440:0513/134656.077:ERROR:platform_sensor_reader_win.cc(244)] NOT IMPLEMENTED
5월 13, 2019 13:46:56.59 [4688:8440:0513/134656.598:ERROR:platform_sensor_reader_win.cc(244)] NOT IMPLEMENTED
5월 13, 2019 13:46:57.11 [4688:8440:0513/134657.119:ERROR:platform_sensor_reader_win.cc(244)] NOT IMPLEMENTED
5월 13, 2019 13:46:57.64 [4688:8440:0513/134657.640:ERROR:platform_sensor_reader_win.cc(244)] NOT IMPLEMENTED
5월 13, 2019 13:46:58.16 [4688:8440:0513/134658.162:ERROR:platform_sensor_reader_win.cc(244)] NOT IMPLEMENTED
5월 13, 2019 13:46:58.68 [4688:8440:0513/134658.684:ERROR:platform_sensor_reader_win.cc(244)] NOT IMPLEMENTED
5월 13, 2019 13:46:59.20 [4688:8440:0513/134659.206:ERROR:platform_sensor_reader_win.cc(244)] NOT IMPLEMENTED
5월 13, 2019 13:46:59.72 [4688:8440:0513/134659.727:ERROR:platform_sensor_reader_win.cc(244)] NOT IMPLEMENTED
5월 13, 2019 13:47:00.24 [4688:8440:0513/134700.248:ERROR:platform_sensor_reader_win.cc(244)] NOT IMPLEMENTED
5월 13, 2019 13:47:00.76 [4688:8440:0513/134700.767:ERROR:platform_sensor_reader_win.cc(244)] NOT IMPLEMENTED
5월 13, 2019 13:47:01.28 [4688:8440:0513/134701.287:ERROR:platform_sensor_reader_win.cc(244)] NOT IMPLEMENTED
5월 13, 2019 13:47:01.80 [4688:8440:0513/134701.806:ERROR:platform_sensor_reader_win.cc(244)] NOT IMPLEMENTED
5월 13, 2019 13:47:02.32 [4688:8440:0513/134702.327:ERROR:platform_sensor_reader_win.cc(244)] NOT IMPLEMENTED
5월 13, 2019 13:47:02.84 [4688:8440:0513/134702.847:ERROR:platform_sensor_reader_win.cc(244)] NOT IMPLEMENTED
5월 13, 2019 13:47:03.36 [4688:8440:0513/134703.368:ERROR:platform_sensor_reader_win.cc(244)] NOT IMPLEMENTED
5월 13, 2019 13:47:03.89 [4688:8440:0513/134703.889:ERROR:platform_sensor_reader_win.cc(244)] NOT IMPLEMENTED
5월 13, 2019 13:47:04.41 [4688:8440:0513/134704.410:ERROR:platform_sensor_reader_win.cc(244)] NOT IMPLEMENTED
5월 13, 2019 13:47:04.93 [4688:8440:0513/134704.930:ERROR:platform_sensor_reader_win.cc(244)] NOT IMPLEMENTED
5월 13, 2019 13:47:05.45 [4688:8440:0513/134705.452:ERROR:platform_sensor_reader_win.cc(244)] NOT IMPLEMENTED
5월 13, 2019 13:47:05.98 [4688:8440:0513/134705.980:ERROR:platform_sensor_reader_win.cc(244)] NOT IMPLEMENTED
5월 13, 2019 13:47:06.50 [4688:8440:0513/134706.502:ERROR:platform_sensor_reader_win.cc(244)] NOT IMPLEMENTED
5월 13, 2019 13:47:07.02 [4688:8440:0513/134707.022:ERROR:platform_sensor_reader_win.cc(244)] NOT IMPLEMENTED
5월 13, 2019 13:47:07.54 [4688:8440:0513/134707.543:ERROR:platform_sensor_reader_win.cc(244)] NOT IMPLEMENTED
5월 13, 2019 13:47:08.06 [4688:8440:0513/134708.067:ERROR:platform_sensor_reader_win.cc(244)] NOT IMPLEMENTED
5월 13, 2019 13:47:08.58 [4688:8440:0513/134708.586:ERROR:platform_sensor_reader_win.cc(244)] NOT IMPLEMENTED
5월 13, 2019 13:47:09.10 [4688:8440:0513/134709.106:ERROR:platform_sensor_reader_win.cc(244)] NOT IMPLEMENTED
5월 13, 2019 13:47:09.62 [4688:8440:0513/134709.629:ERROR:platform_sensor_reader_win.cc(244)] NOT IMPLEMENTED
5월 13, 2019 13:50:06.35 [4688:8440:0513/135006.357:ERROR:platform_sensor_reader_win.cc(244)] NOT IMPLEMENTED
5월 13, 2019 13:50:07.01 [4688:8440:0513/135007.017:ERROR:platform_sensor_reader_win.cc(244)] NOT IMPLEMENTED
5월 13, 2019 13:50:07.53 [4688:8440:0513/135007.539:ERROR:platform_sensor_reader_win.cc(244)] NOT IMPLEMENTED
5월 13, 2019 13:50:08.06 [4688:8440:0513/135008.062:ERROR:platform_sensor_reader_win.cc(244)] NOT IMPLEMENTED
5월 13, 2019 13:50:08.44 [4688:8440:0513/135008.447:ERROR:platform_sensor_reader_win.cc(244)] NOT IMPLEMENTED
5월 13, 2019 13:50:09.00 [4688:8440:0513/135009.003:ERROR:platform_sensor_reader_win.cc(244)] NOT IMPLEMENTED
5월 13, 2019 13:50:09.57 [4688:8440:0513/135009.576:ERROR:platform_sensor_reader_win.cc(244)] NOT IMPLEMENTED
5월 13, 2019 13:50:10.20 [4688:8440:0513/135010.209:ERROR:platform_sensor_reader_win.cc(244)] NOT IMPLEMENTED
5월 13, 2019 13:50:10.85 [4688:8440:0513/135010.852:ERROR:platform_sensor_reader_win.cc(244)] NOT IMPLEMENTED
5월 13, 2019 13:50:11.37 [4688:8440:0513/135011.377:ERROR:platform_sensor_reader_win.cc(244)] NOT IMPLEMENTED
5월 13, 2019 13:50:11.89 [4688:8440:0513/135011.898:ERROR:platform_sensor_reader_win.cc(244)] NOT IMPLEMENTED
5월 13, 2019 13:50:12.42 [4688:8440:0513/135012.426:ERROR:platform_sensor_reader_win.cc(244)] NOT IMPLEMENTED
5월 13, 2019 13:50:12.95 [4688:8440:0513/135012.957:ERROR:platform_sensor_reader_win.cc(244)] NOT IMPLEMENTED
5월 13, 2019 13:50:13.48 [4688:8440:0513/135013.481:ERROR:platform_sensor_reader_win.cc(244)] NOT IMPLEMENTED
5월 13, 2019 13:50:14.00 [4688:8440:0513/135014.006:ERROR:platform_sensor_reader_win.cc(244)] NOT IMPLEMENTED
5월 13, 2019 13:50:14.52 [4688:8440:0513/135014.527:ERROR:platform_sensor_reader_win.cc(244)] NOT IMPLEMENTED
5월 13, 2019 13:50:15.05 [4688:8440:0513/135015.050:ERROR:platform_sensor_reader_win.cc(244)] NOT IMPLEMENTED
5월 13, 2019 13:50:15.57 [4688:8440:0513/135015.571:ERROR:platform_sensor_reader_win.cc(244)] NOT IMPLEMENTED
5월 13, 2019 13:50:16.09 [4688:8440:0513/135016.095:ERROR:platform_sensor_reader_win.cc(244)] NOT IMPLEMENTED
5월 13, 2019 13:50:16.61 [4688:8440:0513/135016.617:ERROR:platform_sensor_reader_win.cc(244)] NOT IMPLEMENTED
5월 13, 2019 13:50:17.14 [4688:8440:0513/135017.142:ERROR:platform_sensor_reader_win.cc(244)] NOT IMPLEMENTED
5월 13, 2019 13:50:17.66 [4688:8440:0513/135017.664:ERROR:platform_sensor_reader_win.cc(244)] NOT IMPLEMENTED
5월 13, 2019 13:50:18.18 [4688:8440:0513/135018.184:ERROR:platform_sensor_reader_win.cc(244)] NOT IMPLEMENTED
5월 13, 2019 13:50:18.76 [4688:8440:0513/135018.766:ERROR:platform_sensor_reader_win.cc(244)] NOT IMPLEMENTED
5월 13, 2019 13:50:19.29 [4688:8440:0513/135019.290:ERROR:platform_sensor_reader_win.cc(244)] NOT IMPLEMENTED
5월 13, 2019 13:50:19.81 [4688:8440:0513/135019.810:ERROR:platform_sensor_reader_win.cc(244)] NOT IMPLEMENTED
5월 13, 2019 13:50:20.50 [4688:8440:0513/135020.507:ERROR:platform_sensor_reader_win.cc(244)] NOT IMPLEMENTED
5월 13, 2019 13:50:21.25 [4688:8440:0513/135021.258:ERROR:platform_sensor_reader_win.cc(244)] NOT IMPLEMENTED
5월 13, 2019 13:50:21.78 [4688:8440:0513/135021.780:ERROR:platform_sensor_reader_win.cc(244)] NOT IMPLEMENTED
5월 13, 2019 13:50:22.34 [4688:8440:0513/135022.346:ERROR:platform_sensor_reader_win.cc(244)] NOT IMPLEMENTED
5월 13, 2019 13:50:22.86 [4688:8440:0513/135022.866:ERROR:platform_sensor_reader_win.cc(244)] NOT IMPLEMENTED
5월 13, 2019 13:50:23.38 [4688:8440:0513/135023.386:ERROR:platform_sensor_reader_win.cc(244)] NOT IMPLEMENTED
5월 13, 2019 13:50:23.90 [4688:8440:0513/135023.908:ERROR:platform_sensor_reader_win.cc(244)] NOT IMPLEMENTED
5월 13, 2019 13:50:24.43 [4688:8440:0513/135024.430:ERROR:platform_sensor_reader_win.cc(244)] NOT IMPLEMENTED
5월 13, 2019 13:50:24.95 [4688:8440:0513/135024.951:ERROR:platform_sensor_reader_win.cc(244)] NOT IMPLEMENTED
5월 13, 2019 13:50:25.47 [4688:8440:0513/135025.472:ERROR:platform_sensor_reader_win.cc(244)] NOT IMPLEMENTED
5월 13, 2019 13:50:26.00 [4688:8440:0513/135026.005:ERROR:platform_sensor_reader_win.cc(244)] NOT IMPLEMENTED
5월 13, 2019 13:50:26.53 [4688:8440:0513/135026.535:ERROR:platform_sensor_reader_win.cc(244)] NOT IMPLEMENTED
5월 13, 2019 13:50:27.06 [4688:8440:0513/135027.062:ERROR:platform_sensor_reader_win.cc(244)] NOT IMPLEMENTED
5월 13, 2019 13:50:27.59 [4688:8440:0513/135027.592:ERROR:platform_sensor_reader_win.cc(244)] NOT IMPLEMENTED
5월 13, 2019 13:50:28.11 [4688:8440:0513/135028.114:ERROR:platform_sensor_reader_win.cc(244)] NOT IMPLEMENTED
5월 13, 2019 13:50:28.63 [4688:8440:0513/135028.633:ERROR:platform_sensor_reader_win.cc(244)] NOT IMPLEMENTED
5월 13, 2019 13:50:29.15 [4688:8440:0513/135029.153:ERROR:platform_sensor_reader_win.cc(244)] NOT IMPLEMENTED
5월 13, 2019 13:50:29.67 [4688:8440:0513/135029.672:ERROR:platform_sensor_reader_win.cc(244)] NOT IMPLEMENTED
5월 13, 2019 13:50:30.19 [4688:8440:0513/135030.193:ERROR:platform_sensor_reader_win.cc(244)] NOT IMPLEMENTED
5월 13, 2019 13:50:30.71 [4688:8440:0513/135030.714:ERROR:platform_sensor_reader_win.cc(244)] NOT IMPLEMENTED
5월 13, 2019 13:50:31.23 [4688:8440:0513/135031.234:ERROR:platform_sensor_reader_win.cc(244)] NOT IMPLEMENTED
5월 13, 2019 13:58:40.56 [4688:8440:0513/135840.562:ERROR:platform_sensor_reader_win.cc(244)] NOT IMPLEMENTED
5월 13, 2019 13:58:41.14 [4688:8440:0513/135841.145:ERROR:platform_sensor_reader_win.cc(244)] NOT IMPLEMENTED
5월 13, 2019 13:58:41.48 [4688:8440:0513/135841.480:ERROR:platform_sensor_reader_win.cc(244)] NOT IMPLEMENTED
5월 13, 2019 13:58:42.07 [4688:8440:0513/135842.073:ERROR:platform_sensor_reader_win.cc(244)] NOT IMPLEMENTED
5월 13, 2019 13:58:42.59 [4688:8440:0513/135842.593:ERROR:platform_sensor_reader_win.cc(244)] NOT IMPLEMENTED
5월 13, 2019 13:58:43.11 [4688:8440:0513/135843.116:ERROR:platform_sensor_reader_win.cc(244)] NOT IMPLEMENTED
5월 13, 2019 13:58:43.63 [4688:8440:0513/135843.637:ERROR:platform_sensor_reader_win.cc(244)] NOT IMPLEMENTED
5월 13, 2019 13:58:44.15 [4688:8440:0513/135844.159:ERROR:platform_sensor_reader_win.cc(244)] NOT IMPLEMENTED
5월 13, 2019 13:58:44.68 [4688:8440:0513/135844.680:ERROR:platform_sensor_reader_win.cc(244)] NOT IMPLEMENTED
5월 13, 2019 13:58:45.44 [4688:8440:0513/135845.443:ERROR:platform_sensor_reader_win.cc(244)] NOT IMPLEMENTED
5월 13, 2019 13:58:46.16 [4688:8440:0513/135846.168:ERROR:platform_sensor_reader_win.cc(244)] NOT IMPLEMENTED
5월 13, 2019 13:58:46.71 [4688:8440:0513/135846.711:ERROR:platform_sensor_reader_win.cc(244)] NOT IMPLEMENTED
5월 13, 2019 13:58:49.98 [4688:8440:0513/135849.987:ERROR:platform_sensor_reader_win.cc(244)] NOT IMPLEMENTED
5월 13, 2019 13:58:50.60 [4688:8440:0513/135850.603:ERROR:platform_sensor_reader_win.cc(244)] NOT IMPLEMENTED
5월 13, 2019 13:58:51.12 [4688:8440:0513/135851.124:ERROR:platform_sensor_reader_win.cc(244)] NOT IMPLEMENTED
5월 13, 2019 13:58:51.64 [4688:8440:0513/135851.645:ERROR:platform_sensor_reader_win.cc(244)] NOT IMPLEMENTED
5월 13, 2019 13:58:52.16 [4688:8440:0513/135852.166:ERROR:platform_sensor_reader_win.cc(244)] NOT IMPLEMENTED
5월 13, 2019 13:58:52.68 [4688:8440:0513/135852.687:ERROR:platform_sensor_reader_win.cc(244)] NOT IMPLEMENTED
5월 13, 2019 13:58:53.22 [4688:8440:0513/135853.223:ERROR:platform_sensor_reader_win.cc(244)] NOT IMPLEMENTED
5월 13, 2019 13:58:53.74 [4688:8440:0513/135853.745:ERROR:platform_sensor_reader_win.cc(244)] NOT IMPLEMENTED
5월 13, 2019 13:58:54.26 [4688:8440:0513/135854.264:ERROR:platform_sensor_reader_win.cc(244)] NOT IMPLEMENTED
5월 13, 2019 13:58:54.78 [4688:8440:0513/135854.785:ERROR:platform_sensor_reader_win.cc(244)] NOT IMPLEMENTED
5월 13, 2019 13:58:55.30 [4688:8440:0513/135855.306:ERROR:platform_sensor_reader_win.cc(244)] NOT IMPLEMENTED
5월 13, 2019 13:58:55.82 [4688:8440:0513/135855.828:ERROR:platform_sensor_reader_win.cc(244)] NOT IMPLEMENTED
5월 13, 2019 13:58:56.35 [4688:8440:0513/135856.350:ERROR:platform_sensor_reader_win.cc(244)] NOT IMPLEMENTED
5월 13, 2019 13:58:56.87 [4688:8440:0513/135856.870:ERROR:platform_sensor_reader_win.cc(244)] NOT IMPLEMENTED
5월 13, 2019 13:58:57.40 [4688:8440:0513/135857.401:ERROR:platform_sensor_reader_win.cc(244)] NOT IMPLEMENTED
5월 13, 2019 13:58:57.92 [4688:8440:0513/135857.921:ERROR:platform_sensor_reader_win.cc(244)] NOT IMPLEMENTED
5월 13, 2019 13:58:58.44 [4688:8440:0513/135858.446:ERROR:platform_sensor_reader_win.cc(244)] NOT IMPLEMENTED
5월 13, 2019 13:58:58.96 [4688:8440:0513/135858.967:ERROR:platform_sensor_reader_win.cc(244)] NOT IMPLEMENTED
5월 13, 2019 13:58:59.48 [4688:8440:0513/135859.489:ERROR:platform_sensor_reader_win.cc(244)] NOT IMPLEMENTED
5월 13, 2019 13:59:00.00 [4688:8440:0513/135900.009:ERROR:platform_sensor_reader_win.cc(244)] NOT IMPLEMENTED
5월 13, 2019 13:59:00.53 [4688:8440:0513/135900.531:ERROR:platform_sensor_reader_win.cc(244)] NOT IMPLEMENTED
5월 13, 2019 13:59:01.05 [4688:8440:0513/135901.050:ERROR:platform_sensor_reader_win.cc(244)] NOT IMPLEMENTED
5월 13, 2019 13:59:01.57 [4688:8440:0513/135901.572:ERROR:platform_sensor_reader_win.cc(244)] NOT IMPLEMENTED
5월 13, 2019 13:59:02.09 [4688:8440:0513/135902.093:ERROR:platform_sensor_reader_win.cc(244)] NOT IMPLEMENTED
5월 13, 2019 13:59:02.61 [4688:8440:0513/135902.614:ERROR:platform_sensor_reader_win.cc(244)] NOT IMPLEMENTED
5월 13, 2019 13:59:03.13 [4688:8440:0513/135903.136:ERROR:platform_sensor_reader_win.cc(244)] NOT IMPLEMENTED
5월 13, 2019 13:59:03.65 [4688:8440:0513/135903.657:ERROR:platform_sensor_reader_win.cc(244)] NOT IMPLEMENTED
5월 13, 2019 13:59:04.17 [4688:8440:0513/135904.179:ERROR:platform_sensor_reader_win.cc(244)] NOT IMPLEMENTED
5월 13, 2019 13:59:04.70 [4688:8440:0513/135904.709:ERROR:platform_sensor_reader_win.cc(244)] NOT IMPLEMENTED
5월 13, 2019 13:59:05.23 [4688:8440:0513/135905.231:ERROR:platform_sensor_reader_win.cc(244)] NOT IMPLEMENTED
5월 13, 2019 13:59:05.75 [4688:8440:0513/135905.754:ERROR:platform_sensor_reader_win.cc(244)] NOT IMPLEMENTED
5월 13, 2019 13:59:06.27 [4688:8440:0513/135906.275:ERROR:platform_sensor_reader_win.cc(244)] NOT IMPLEMENTED
5월 13, 2019 13:59:06.79 [4688:8440:0513/135906.796:ERROR:platform_sensor_reader_win.cc(244)] NOT IMPLEMENTED
5월 13, 2019 13:59:07.31 [4688:8440:0513/135907.316:ERROR:platform_sensor_reader_win.cc(244)] NOT IMPLEMENTED
5월 13, 2019 13:59:07.83 [4688:8440:0513/135907.836:ERROR:platform_sensor_reader_win.cc(244)] NOT IMPLEMENTED
5월 13, 2019 13:59:08.35 [4688:8440:0513/135908.358:ERROR:platform_sensor_reader_win.cc(244)] NOT IMPLEMENTED
5월 13, 2019 13:59:08.87 [4688:8440:0513/135908.877:ERROR:platform_sensor_reader_win.cc(244)] NOT IMPLEMENTED
5월 13, 2019 13:59:09.39 [4688:8440:0513/135909.398:ERROR:platform_sensor_reader_win.cc(244)] NOT IMPLEMENTED
5월 13, 2019 13:59:09.92 [4688:8440:0513/135909.921:ERROR:platform_sensor_reader_win.cc(244)] NOT IMPLEMENTED
5월 13, 2019 13:59:10.44 [4688:8440:0513/135910.443:ERROR:platform_sensor_reader_win.cc(244)] NOT IMPLEMENTED
5월 13, 2019 13:59:10.96 [4688:8440:0513/135910.961:ERROR:platform_sensor_reader_win.cc(244)] NOT IMPLEMENTED
5월 13, 2019 13:59:11.48 [4688:8440:0513/135911.483:ERROR:platform_sensor_reader_win.cc(244)] NOT IMPLEMENTED
5월 13, 2019 13:59:12.00 [4688:8440:0513/135912.004:ERROR:platform_sensor_reader_win.cc(244)] NOT IMPLEMENTED
5월 13, 2019 13:59:12.52 [4688:8440:0513/135912.527:ERROR:platform_sensor_reader_win.cc(244)] NOT IMPLEMENTED
5월 13, 2019 13:59:13.04 [4688:8440:0513/135913.049:ERROR:platform_sensor_reader_win.cc(244)] NOT IMPLEMENTED
5월 13, 2019 13:59:13.57 [4688:8440:0513/135913.571:ERROR:platform_sensor_reader_win.cc(244)] NOT IMPLEMENTED
5월 13, 2019 13:59:14.09 [4688:8440:0513/135914.091:ERROR:platform_sensor_reader_win.cc(244)] NOT IMPLEMENTED
5월 13, 2019 13:59:14.61 [4688:8440:0513/135914.613:ERROR:platform_sensor_reader_win.cc(244)] NOT IMPLEMENTED
5월 13, 2019 13:59:15.13 [4688:8440:0513/135915.135:ERROR:platform_sensor_reader_win.cc(244)] NOT IMPLEMENTED
5월 13, 2019 13:59:15.66 [4688:8440:0513/135915.660:ERROR:platform_sensor_reader_win.cc(244)] NOT IMPLEMENTED
5월 13, 2019 13:59:16.18 [4688:8440:0513/135916.181:ERROR:platform_sensor_reader_win.cc(244)] NOT IMPLEMENTED
5월 13, 2019 13:59:16.70 [4688:8440:0513/135916.703:ERROR:platform_sensor_reader_win.cc(244)] NOT IMPLEMENTED
5월 13, 2019 14:02:45.90 [4688:8440:0513/140245.906:ERROR:platform_sensor_reader_win.cc(244)] NOT IMPLEMENTED
5월 13, 2019 14:02:46.51 [4688:8440:0513/140246.500:ERROR:platform_sensor_reader_win.cc(244)] NOT IMPLEMENTED
5월 13, 2019 14:02:47.02 [4688:8440:0513/140247.025:ERROR:platform_sensor_reader_win.cc(244)] NOT IMPLEMENTED
5월 13, 2019 14:02:47.51 [4688:8440:0513/140247.514:ERROR:platform_sensor_reader_win.cc(244)] NOT IMPLEMENTED
5월 13, 2019 14:02:48.13 [4688:8440:0513/140248.139:ERROR:platform_sensor_reader_win.cc(244)] NOT IMPLEMENTED
5월 13, 2019 14:02:48.66 [4688:8440:0513/140248.662:ERROR:platform_sensor_reader_win.cc(244)] NOT IMPLEMENTED
5월 13, 2019 14:02:49.18 [4688:8440:0513/140249.181:ERROR:platform_sensor_reader_win.cc(244)] NOT IMPLEMENTED
5월 13, 2019 14:02:49.63 [4688:8440:0513/140249.637:ERROR:platform_sensor_reader_win.cc(244)] NOT IMPLEMENTED
5월 13, 2019 14:02:50.27 [4688:8440:0513/140250.278:ERROR:platform_sensor_reader_win.cc(244)] NOT IMPLEMENTED
5월 13, 2019 14:02:50.61 [4688:8440:0513/140250.617:ERROR:platform_sensor_reader_win.cc(244)] NOT IMPLEMENTED
5월 13, 2019 14:02:51.27 [4688:8440:0513/140251.273:ERROR:platform_sensor_reader_win.cc(244)] NOT IMPLEMENTED
5월 13, 2019 14:02:51.79 [4688:8440:0513/140251.793:ERROR:platform_sensor_reader_win.cc(244)] NOT IMPLEMENTED
5월 13, 2019 14:02:51.90 [4688:8440:0513/140251.906:ERROR:platform_sensor_reader_win.cc(244)] NOT IMPLEMENTED
5월 13, 2019 14:02:52.65 [4688:8440:0513/140252.653:ERROR:platform_sensor_reader_win.cc(244)] NOT IMPLEMENTED
5월 13, 2019 14:25:20.83 [4688:13412:0513/142520.838:ERROR:browser_process_sub_thread.cc(217)] Waited 103 ms for network service
5월 13, 2019 14:25:20.85 
5월 13, 2019 14:25:20.86 KLIB_SelfTest return : KLR_OK
5월 13, 2019 18:23:45.58 [13904:14276:0513/182345.528:ERROR:browser_process_sub_thread.cc(217)] Waited 1051 ms for network service
5월 13, 2019 18:23:45.69 
5월 13, 2019 18:23:45.69 KLIB_SelfTest return : KLR_OK

5월 14, 2019 10:37:48.49 NEW SESSION
5월 14, 2019 10:37:48.49 [13996:8880:0514/103748.433:ERROR:browser_process_sub_thread.cc(217)] Waited 25 ms for network service
5월 14, 2019 10:37:48.59 
5월 14, 2019 10:37:48.61 KLIB_SelfTest return : KLR_OK

5월 15, 2019 12:34:01.09 NEW SESSION
5월 15, 2019 12:34:01.10 [12936:8024:0515/123401.072:ERROR:browser_process_sub_thread.cc(217)] Waited 276 ms for network service
5월 15, 2019 12:34:01.15 
5월 15, 2019 12:34:01.15 KLIB_SelfTest return : KLR_OK
